INFO|2020-05-04 03:19:57,867|pysph.solver.application|Running on FAST-LT-PC59 with address 127.0.1.1
INFO|2020-05-04 03:19:57,867|pysph.solver.application|Using OpenMP schedule dynamic,64
INFO|2020-05-04 03:19:59,127|pysph.solver.application|Generating output in /home/ol4022/rve_output
INFO|2020-05-04 03:19:59,270|compyle.ext_module|Precompiled code from: /home/ol4022/.pysph/source/py3.5-linux-x86_64/m_6b3c92bc8bd8848ede9d2a60561515dc.pyx
INFO|2020-05-04 03:19:59,271|pysph.solver.application|----------------------------------------------------------------------
No of particles:
  fluid: 4843
  fibers: 2016
  Total: 6859
----------------------------------------------------------------------
INFO|2020-05-04 03:19:59,272|pysph.solver.application|Using kernel:
----------------------------------------------------------------------
  CubicSpline(dim=3)
----------------------------------------------------------------------
INFO|2020-05-04 03:19:59,272|pysph.solver.application|Using nnps:
----------------------------------------------------------------------
  LinkedListNNPS(dim=3)
----------------------------------------------------------------------
INFO|2020-05-04 03:19:59,272|pysph.solver.application|Using integrator:
----------------------------------------------------------------------
  EPECIntegrator(fluid=TransportVelocityStep(), fibers=TransportVelocityStep())
----------------------------------------------------------------------
INFO|2020-05-04 03:19:59,272|pysph.solver.application|Using equations:
----------------------------------------------------------------------
[
Group(equations=[
    SummationDensity(dest='fluid', sources=['fluid', 'fibers']), 
    EBGVelocityReset(dest='fibers', sources=None)
],
    real=False, update_nnps=False, iterate=False, max_iterations=1, min_iterations=0, pre=None, post=None),
Group(equations=[
    StateEquation(dest='fluid', sources=None, p0=25.0, rho0=444444.44444444444, b=1.0), 
    SetWallVelocity(dest='fibers', sources=['fluid'])
],
    real=False, update_nnps=False, iterate=False, max_iterations=1, min_iterations=0, pre=None, post=None),
Group(equations=[
    SolidWallPressureBC(dest='fibers', sources=['fluid'], rho0=444444.44444444444, p0=25.0, b=1.0, gx=0.0, gy=0.0, gz=0.0)
],
    real=False, update_nnps=False, iterate=False, max_iterations=1, min_iterations=0, pre=None, post=None),
Group(equations=[
    ComputeDistance(dest='fibers', sources=['fibers']), 
    VelocityGradient(dest='fibers', sources=['fluid', 'fibers'])
],
    real=True, update_nnps=False, iterate=False, max_iterations=1, min_iterations=0, pre=None, post=None),
Group(equations=[
    MomentumEquationPressureGradient(dest='fluid', sources=['fluid', 'fibers'], pb=25.0, gx=0.0, gy=0.0, gz=0.0, tdamp=0.0), 
    MomentumEquationViscosity(dest='fluid', sources=['fluid'], nu=2.25e-06), 
    SolidWallNoSlipBC(dest='fluid', sources=['fibers'], nu=2.25e-06), 
    MomentumEquationArtificialStress(dest='fluid', sources=['fluid']), 
    MomentumEquationPressureGradient(dest='fibers', sources=['fluid', 'fibers'], pb=0.0, gx=0.0, gy=0.0, gz=0.0, tdamp=0.0), 
    FiberViscousTraction(dest='fibers', sources=['fluid'], nu=2.25e-06), 
    Tension(dest='fibers', sources=None, ea=5.641895835477564e-06), 
    Bending(dest='fibers', sources=None, ei=4.489678053129166e-15), 
    Contact(dest='fibers', sources=['fibers'], E=564.1895835477562, d=0.00011283791670955128, dim=3, pois=0.3, k=0.0, lim=0.5, eta0=1.0, dt=0.0005555555555555556), 
    Friction(dest='fibers', sources=None, J=1.1061032953945975e-14, dx=0.0001, mu=1.0, d=0.00011283791670955128)
],
    real=True, update_nnps=False, iterate=False, max_iterations=1, min_iterations=0, pre=None, post=None),
Group(equations=[
    HoldPoints(dest='fibers', sources=None, tag=100, x=True, y=True, z=True)
],
    real=True, update_nnps=False, iterate=False, max_iterations=1, min_iterations=0, pre=None, post=None)
]
----------------------------------------------------------------------
INFO|2020-05-04 03:19:59,289|pysph.solver.application|started multiprocessing interface on ('0.0.0.0', 8800)
INFO|2020-05-04 03:19:59,289|pysph.solver.application|Setup took: 1.42825 secs
INFO|2020-05-04 03:19:59,290|pysph.solver.solver|Writing output at time 0, iteration 0, dt = 0.000555556
INFO|2020-05-04 03:20:19,951|pysph.solver.solver|Writing output at time 0.146111, iteration 263, dt = 0.000555556
INFO|2020-05-04 03:20:40,728|pysph.solver.solver|Writing output at time 0.292222, iteration 526, dt = 0.000555556
INFO|2020-05-04 03:21:01,758|pysph.solver.solver|Writing output at time 0.438333, iteration 789, dt = 0.000555556
INFO|2020-05-04 03:21:22,704|pysph.solver.solver|Writing output at time 0.584444, iteration 1052, dt = 0.000555556
INFO|2020-05-04 03:21:44,010|pysph.solver.solver|Writing output at time 0.730556, iteration 1315, dt = 0.000555556
INFO|2020-05-04 03:22:05,365|pysph.solver.solver|Writing output at time 0.876667, iteration 1578, dt = 0.000555556
INFO|2020-05-04 03:22:26,884|pysph.solver.solver|Writing output at time 1.02278, iteration 1841, dt = 0.000555556
INFO|2020-05-04 03:22:48,466|pysph.solver.solver|Writing output at time 1.16889, iteration 2104, dt = 0.000555556
INFO|2020-05-04 03:23:10,184|pysph.solver.solver|Writing output at time 1.315, iteration 2367, dt = 0.000555556
INFO|2020-05-04 03:23:31,913|pysph.solver.solver|Writing output at time 1.46111, iteration 2630, dt = 0.000555556
INFO|2020-05-04 03:23:53,775|pysph.solver.solver|Writing output at time 1.60722, iteration 2893, dt = 0.000555556
INFO|2020-05-04 03:24:15,665|pysph.solver.solver|Writing output at time 1.75333, iteration 3156, dt = 0.000555556
INFO|2020-05-04 03:24:37,586|pysph.solver.solver|Writing output at time 1.89944, iteration 3419, dt = 0.000555556
INFO|2020-05-04 03:24:59,556|pysph.solver.solver|Writing output at time 2.04556, iteration 3682, dt = 0.000555556
INFO|2020-05-04 03:25:21,567|pysph.solver.solver|Writing output at time 2.19167, iteration 3945, dt = 0.000555556
INFO|2020-05-04 03:25:43,592|pysph.solver.solver|Writing output at time 2.33778, iteration 4208, dt = 0.000555556
INFO|2020-05-04 03:26:05,744|pysph.solver.solver|Writing output at time 2.48389, iteration 4471, dt = 0.000555556
INFO|2020-05-04 03:26:27,960|pysph.solver.solver|Writing output at time 2.63, iteration 4734, dt = 0.000555556
INFO|2020-05-04 03:26:50,292|pysph.solver.solver|Writing output at time 2.77611, iteration 4997, dt = 0.000555556
INFO|2020-05-04 03:27:12,626|pysph.solver.solver|Writing output at time 2.92222, iteration 5260, dt = 0.000555556
INFO|2020-05-04 03:27:34,993|pysph.solver.solver|Writing output at time 3.06833, iteration 5523, dt = 0.000555556
INFO|2020-05-04 03:27:57,343|pysph.solver.solver|Writing output at time 3.21444, iteration 5786, dt = 0.000555556
INFO|2020-05-04 03:28:19,687|pysph.solver.solver|Writing output at time 3.36056, iteration 6049, dt = 0.000555556
INFO|2020-05-04 03:28:42,040|pysph.solver.solver|Writing output at time 3.50667, iteration 6312, dt = 0.000555556
INFO|2020-05-04 03:29:04,431|pysph.solver.solver|Writing output at time 3.65278, iteration 6575, dt = 0.000555556
INFO|2020-05-04 03:29:26,801|pysph.solver.solver|Writing output at time 3.79889, iteration 6838, dt = 0.000555556
INFO|2020-05-04 03:29:49,125|pysph.solver.solver|Writing output at time 3.945, iteration 7101, dt = 0.000555556
INFO|2020-05-04 03:30:11,440|pysph.solver.solver|Writing output at time 4.09111, iteration 7364, dt = 0.000555556
INFO|2020-05-04 03:30:33,725|pysph.solver.solver|Writing output at time 4.23722, iteration 7627, dt = 0.000555556
INFO|2020-05-04 03:30:56,043|pysph.solver.solver|Writing output at time 4.38333, iteration 7890, dt = 0.000555556
INFO|2020-05-04 03:31:18,410|pysph.solver.solver|Writing output at time 4.52944, iteration 8153, dt = 0.000555556
INFO|2020-05-04 03:31:40,842|pysph.solver.solver|Writing output at time 4.67556, iteration 8416, dt = 0.000555556
INFO|2020-05-04 03:32:03,329|pysph.solver.solver|Writing output at time 4.82167, iteration 8679, dt = 0.000555556
INFO|2020-05-04 03:32:25,830|pysph.solver.solver|Writing output at time 4.96778, iteration 8942, dt = 0.000555556
INFO|2020-05-04 03:32:48,303|pysph.solver.solver|Writing output at time 5.11389, iteration 9205, dt = 0.000555556
INFO|2020-05-04 03:33:10,793|pysph.solver.solver|Writing output at time 5.26, iteration 9468, dt = 0.000555556
INFO|2020-05-04 03:33:33,259|pysph.solver.solver|Writing output at time 5.40611, iteration 9731, dt = 0.000555556
INFO|2020-05-04 03:33:55,733|pysph.solver.solver|Writing output at time 5.55222, iteration 9994, dt = 0.000555556
INFO|2020-05-04 03:34:18,223|pysph.solver.solver|Writing output at time 5.69833, iteration 10257, dt = 0.000555556
INFO|2020-05-04 03:34:40,732|pysph.solver.solver|Writing output at time 5.84444, iteration 10520, dt = 0.000555556
INFO|2020-05-04 03:35:03,362|pysph.solver.solver|Writing output at time 5.99056, iteration 10783, dt = 0.000555556
INFO|2020-05-04 03:35:25,989|pysph.solver.solver|Writing output at time 6.13667, iteration 11046, dt = 0.000555556
INFO|2020-05-04 03:35:48,587|pysph.solver.solver|Writing output at time 6.28278, iteration 11309, dt = 0.000555556
INFO|2020-05-04 03:36:11,154|pysph.solver.solver|Writing output at time 6.42889, iteration 11572, dt = 0.000555556
INFO|2020-05-04 03:36:33,653|pysph.solver.solver|Writing output at time 6.575, iteration 11835, dt = 0.000555556
INFO|2020-05-04 03:36:56,149|pysph.solver.solver|Writing output at time 6.72111, iteration 12098, dt = 0.000555556
INFO|2020-05-04 03:37:18,620|pysph.solver.solver|Writing output at time 6.86722, iteration 12361, dt = 0.000555556
INFO|2020-05-04 03:37:41,142|pysph.solver.solver|Writing output at time 7.01333, iteration 12624, dt = 0.000555556
INFO|2020-05-04 03:38:04,001|pysph.solver.solver|Writing output at time 7.15944, iteration 12887, dt = 0.000555556
INFO|2020-05-04 03:38:26,576|pysph.solver.solver|Writing output at time 7.30556, iteration 13150, dt = 0.000555556
INFO|2020-05-04 03:38:49,134|pysph.solver.solver|Writing output at time 7.45167, iteration 13413, dt = 0.000555556
INFO|2020-05-04 03:39:11,755|pysph.solver.solver|Writing output at time 7.59778, iteration 13676, dt = 0.000555556
INFO|2020-05-04 03:39:34,351|pysph.solver.solver|Writing output at time 7.74389, iteration 13939, dt = 0.000555556
INFO|2020-05-04 03:39:57,001|pysph.solver.solver|Writing output at time 7.89, iteration 14202, dt = 0.000555556
INFO|2020-05-04 03:40:19,656|pysph.solver.solver|Writing output at time 8.03611, iteration 14465, dt = 0.000555556
INFO|2020-05-04 03:40:42,358|pysph.solver.solver|Writing output at time 8.18222, iteration 14728, dt = 0.000555556
INFO|2020-05-04 03:41:05,050|pysph.solver.solver|Writing output at time 8.32833, iteration 14991, dt = 0.000555556
INFO|2020-05-04 03:41:27,630|pysph.solver.solver|Writing output at time 8.47444, iteration 15254, dt = 0.000555556
INFO|2020-05-04 03:41:50,300|pysph.solver.solver|Writing output at time 8.62056, iteration 15517, dt = 0.000555556
INFO|2020-05-04 03:42:12,997|pysph.solver.solver|Writing output at time 8.76667, iteration 15780, dt = 0.000555556
INFO|2020-05-04 03:42:35,704|pysph.solver.solver|Writing output at time 8.91278, iteration 16043, dt = 0.000555556
INFO|2020-05-04 03:42:58,382|pysph.solver.solver|Writing output at time 9.05889, iteration 16306, dt = 0.000555556
INFO|2020-05-04 03:43:21,073|pysph.solver.solver|Writing output at time 9.205, iteration 16569, dt = 0.000555556
INFO|2020-05-04 03:43:43,808|pysph.solver.solver|Writing output at time 9.35111, iteration 16832, dt = 0.000555556
INFO|2020-05-04 03:44:06,469|pysph.solver.solver|Writing output at time 9.49722, iteration 17095, dt = 0.000555556
INFO|2020-05-04 03:44:29,119|pysph.solver.solver|Writing output at time 9.64333, iteration 17358, dt = 0.000555556
INFO|2020-05-04 03:44:51,721|pysph.solver.solver|Writing output at time 9.78944, iteration 17621, dt = 0.000555556
INFO|2020-05-04 03:45:14,446|pysph.solver.solver|Writing output at time 9.93556, iteration 17884, dt = 0.000555556
INFO|2020-05-04 03:45:37,118|pysph.solver.solver|Writing output at time 10.0817, iteration 18147, dt = 0.000555556
INFO|2020-05-04 03:45:59,723|pysph.solver.solver|Writing output at time 10.2278, iteration 18410, dt = 0.000555556
INFO|2020-05-04 03:46:22,312|pysph.solver.solver|Writing output at time 10.3739, iteration 18673, dt = 0.000555556
INFO|2020-05-04 03:46:44,963|pysph.solver.solver|Writing output at time 10.52, iteration 18936, dt = 0.000555556
INFO|2020-05-04 03:47:07,637|pysph.solver.solver|Writing output at time 10.6661, iteration 19199, dt = 0.000555556
INFO|2020-05-04 03:47:30,304|pysph.solver.solver|Writing output at time 10.8122, iteration 19462, dt = 0.000555556
INFO|2020-05-04 03:47:52,994|pysph.solver.solver|Writing output at time 10.9583, iteration 19725, dt = 0.000555556
INFO|2020-05-04 03:48:15,604|pysph.solver.solver|Writing output at time 11.1044, iteration 19988, dt = 0.000555556
INFO|2020-05-04 03:48:38,181|pysph.solver.solver|Writing output at time 11.2506, iteration 20251, dt = 0.000555556
INFO|2020-05-04 03:49:00,834|pysph.solver.solver|Writing output at time 11.3967, iteration 20514, dt = 0.000555556
INFO|2020-05-04 03:49:23,483|pysph.solver.solver|Writing output at time 11.5428, iteration 20777, dt = 0.000555556
INFO|2020-05-04 03:49:46,166|pysph.solver.solver|Writing output at time 11.6889, iteration 21040, dt = 0.000555556
INFO|2020-05-04 03:50:08,856|pysph.solver.solver|Writing output at time 11.835, iteration 21303, dt = 0.000555556
INFO|2020-05-04 03:50:31,566|pysph.solver.solver|Writing output at time 11.9811, iteration 21566, dt = 0.000555556
INFO|2020-05-04 03:50:54,311|pysph.solver.solver|Writing output at time 12.1272, iteration 21829, dt = 0.000555556
INFO|2020-05-04 03:51:17,066|pysph.solver.solver|Writing output at time 12.2733, iteration 22092, dt = 0.000555556
INFO|2020-05-04 03:51:39,800|pysph.solver.solver|Writing output at time 12.4194, iteration 22355, dt = 0.000555556
INFO|2020-05-04 03:52:02,483|pysph.solver.solver|Writing output at time 12.5656, iteration 22618, dt = 0.000555556
INFO|2020-05-04 03:52:25,189|pysph.solver.solver|Writing output at time 12.7117, iteration 22881, dt = 0.000555556
INFO|2020-05-04 03:52:47,850|pysph.solver.solver|Writing output at time 12.8578, iteration 23144, dt = 0.000555556
INFO|2020-05-04 03:53:10,488|pysph.solver.solver|Writing output at time 13.0039, iteration 23407, dt = 0.000555556
INFO|2020-05-04 03:53:33,210|pysph.solver.solver|Writing output at time 13.15, iteration 23670, dt = 0.000555556
INFO|2020-05-04 03:53:55,894|pysph.solver.solver|Writing output at time 13.2961, iteration 23933, dt = 0.000555556
INFO|2020-05-04 03:54:18,623|pysph.solver.solver|Writing output at time 13.4422, iteration 24196, dt = 0.000555556
INFO|2020-05-04 03:54:41,281|pysph.solver.solver|Writing output at time 13.5883, iteration 24459, dt = 0.000555556
INFO|2020-05-04 03:55:03,873|pysph.solver.solver|Writing output at time 13.7344, iteration 24722, dt = 0.000555556
INFO|2020-05-04 03:55:26,459|pysph.solver.solver|Writing output at time 13.8806, iteration 24985, dt = 0.000555556
INFO|2020-05-04 03:55:49,046|pysph.solver.solver|Writing output at time 14.0267, iteration 25248, dt = 0.000555556
INFO|2020-05-04 03:56:11,702|pysph.solver.solver|Writing output at time 14.1728, iteration 25511, dt = 0.000555556
INFO|2020-05-04 03:56:34,447|pysph.solver.solver|Writing output at time 14.3189, iteration 25774, dt = 0.000555556
INFO|2020-05-04 03:56:57,276|pysph.solver.solver|Writing output at time 14.465, iteration 26037, dt = 0.000555556
INFO|2020-05-04 03:57:20,041|pysph.solver.solver|Writing output at time 14.6111, iteration 26300, dt = 0.000555556
INFO|2020-05-04 03:57:42,818|pysph.solver.solver|Writing output at time 14.7572, iteration 26563, dt = 0.000555556
INFO|2020-05-04 03:58:05,588|pysph.solver.solver|Writing output at time 14.9033, iteration 26826, dt = 0.000555556
INFO|2020-05-04 03:58:28,440|pysph.solver.solver|Writing output at time 15.0494, iteration 27089, dt = 0.000555556
INFO|2020-05-04 03:58:51,260|pysph.solver.solver|Writing output at time 15.1956, iteration 27352, dt = 0.000555556
INFO|2020-05-04 03:59:14,034|pysph.solver.solver|Writing output at time 15.3417, iteration 27615, dt = 0.000555556
INFO|2020-05-04 03:59:36,737|pysph.solver.solver|Writing output at time 15.4878, iteration 27878, dt = 0.000555556
INFO|2020-05-04 03:59:59,436|pysph.solver.solver|Writing output at time 15.6339, iteration 28141, dt = 0.000555556
INFO|2020-05-04 04:00:22,119|pysph.solver.solver|Writing output at time 15.78, iteration 28404, dt = 0.000555556
INFO|2020-05-04 04:00:44,736|pysph.solver.solver|Writing output at time 15.9261, iteration 28667, dt = 0.000555556
INFO|2020-05-04 04:01:07,379|pysph.solver.solver|Writing output at time 16.0722, iteration 28930, dt = 0.000555556
INFO|2020-05-04 04:01:29,985|pysph.solver.solver|Writing output at time 16.2183, iteration 29193, dt = 0.000555556
INFO|2020-05-04 04:01:52,553|pysph.solver.solver|Writing output at time 16.3644, iteration 29456, dt = 0.000555556
INFO|2020-05-04 04:02:15,242|pysph.solver.solver|Writing output at time 16.5106, iteration 29719, dt = 0.000555556
INFO|2020-05-04 04:02:37,881|pysph.solver.solver|Writing output at time 16.6567, iteration 29982, dt = 0.000555556
INFO|2020-05-04 04:03:00,555|pysph.solver.solver|Writing output at time 16.8028, iteration 30245, dt = 0.000555556
INFO|2020-05-04 04:03:23,108|pysph.solver.solver|Writing output at time 16.9489, iteration 30508, dt = 0.000555556
INFO|2020-05-04 04:03:45,679|pysph.solver.solver|Writing output at time 17.095, iteration 30771, dt = 0.000555556
INFO|2020-05-04 04:04:08,173|pysph.solver.solver|Writing output at time 17.2411, iteration 31034, dt = 0.000555556
INFO|2020-05-04 04:04:30,836|pysph.solver.solver|Writing output at time 17.3872, iteration 31297, dt = 0.000555556
INFO|2020-05-04 04:04:53,582|pysph.solver.solver|Writing output at time 17.5333, iteration 31560, dt = 0.000555556
INFO|2020-05-04 04:05:16,264|pysph.solver.solver|Writing output at time 17.6794, iteration 31823, dt = 0.000555556
INFO|2020-05-04 04:05:38,751|pysph.solver.solver|Writing output at time 17.8256, iteration 32086, dt = 0.000555556
INFO|2020-05-04 04:06:01,295|pysph.solver.solver|Writing output at time 17.9717, iteration 32349, dt = 0.000555556
INFO|2020-05-04 04:06:23,828|pysph.solver.solver|Writing output at time 18.1178, iteration 32612, dt = 0.000555556
INFO|2020-05-04 04:06:46,374|pysph.solver.solver|Writing output at time 18.2639, iteration 32875, dt = 0.000555556
INFO|2020-05-04 04:07:08,903|pysph.solver.solver|Writing output at time 18.41, iteration 33138, dt = 0.000555556
INFO|2020-05-04 04:07:31,490|pysph.solver.solver|Writing output at time 18.5561, iteration 33401, dt = 0.000555556
INFO|2020-05-04 04:07:54,055|pysph.solver.solver|Writing output at time 18.7022, iteration 33664, dt = 0.000555556
INFO|2020-05-04 04:08:16,662|pysph.solver.solver|Writing output at time 18.8483, iteration 33927, dt = 0.000555556
INFO|2020-05-04 04:08:39,225|pysph.solver.solver|Writing output at time 18.9944, iteration 34190, dt = 0.000555556
INFO|2020-05-04 04:09:01,806|pysph.solver.solver|Writing output at time 19.1406, iteration 34453, dt = 0.000555556
INFO|2020-05-04 04:09:24,418|pysph.solver.solver|Writing output at time 19.2867, iteration 34716, dt = 0.000555556
INFO|2020-05-04 04:09:47,113|pysph.solver.solver|Writing output at time 19.4328, iteration 34979, dt = 0.000555556
INFO|2020-05-04 04:10:09,723|pysph.solver.solver|Writing output at time 19.5789, iteration 35242, dt = 0.000555556
INFO|2020-05-04 04:10:32,309|pysph.solver.solver|Writing output at time 19.725, iteration 35505, dt = 0.000555556
INFO|2020-05-04 04:10:55,029|pysph.solver.solver|Writing output at time 19.8711, iteration 35768, dt = 0.000555556
INFO|2020-05-04 04:11:17,728|pysph.solver.solver|Writing output at time 20.0172, iteration 36031, dt = 0.000555556
INFO|2020-05-04 04:11:40,219|pysph.solver.solver|Writing output at time 20.1633, iteration 36294, dt = 0.000555556
INFO|2020-05-04 04:12:02,811|pysph.solver.solver|Writing output at time 20.3094, iteration 36557, dt = 0.000555556
INFO|2020-05-04 04:12:25,436|pysph.solver.solver|Writing output at time 20.4556, iteration 36820, dt = 0.000555556
INFO|2020-05-04 04:12:47,971|pysph.solver.solver|Writing output at time 20.6017, iteration 37083, dt = 0.000555556
INFO|2020-05-04 04:13:10,592|pysph.solver.solver|Writing output at time 20.7478, iteration 37346, dt = 0.000555556
INFO|2020-05-04 04:13:33,174|pysph.solver.solver|Writing output at time 20.8939, iteration 37609, dt = 0.000555556
INFO|2020-05-04 04:13:55,789|pysph.solver.solver|Writing output at time 21.04, iteration 37872, dt = 0.000555556
INFO|2020-05-04 04:14:18,573|pysph.solver.solver|Writing output at time 21.1861, iteration 38135, dt = 0.000555556
INFO|2020-05-04 04:14:41,425|pysph.solver.solver|Writing output at time 21.3322, iteration 38398, dt = 0.000555556
INFO|2020-05-04 04:15:04,257|pysph.solver.solver|Writing output at time 21.4783, iteration 38661, dt = 0.000555556
INFO|2020-05-04 04:15:27,180|pysph.solver.solver|Writing output at time 21.6244, iteration 38924, dt = 0.000555556
INFO|2020-05-04 04:15:50,130|pysph.solver.solver|Writing output at time 21.7706, iteration 39187, dt = 0.000555556
INFO|2020-05-04 04:16:12,976|pysph.solver.solver|Writing output at time 21.9167, iteration 39450, dt = 0.000555556
INFO|2020-05-04 04:16:35,866|pysph.solver.solver|Writing output at time 22.0628, iteration 39713, dt = 0.000555556
INFO|2020-05-04 04:16:58,832|pysph.solver.solver|Writing output at time 22.2089, iteration 39976, dt = 0.000555556
INFO|2020-05-04 04:17:21,715|pysph.solver.solver|Writing output at time 22.355, iteration 40239, dt = 0.000555556
INFO|2020-05-04 04:17:44,670|pysph.solver.solver|Writing output at time 22.5011, iteration 40502, dt = 0.000555556
INFO|2020-05-04 04:18:07,613|pysph.solver.solver|Writing output at time 22.6472, iteration 40765, dt = 0.000555556
INFO|2020-05-04 04:18:30,603|pysph.solver.solver|Writing output at time 22.7933, iteration 41028, dt = 0.000555556
INFO|2020-05-04 04:18:53,479|pysph.solver.solver|Writing output at time 22.9394, iteration 41291, dt = 0.000555556
INFO|2020-05-04 04:19:16,447|pysph.solver.solver|Writing output at time 23.0856, iteration 41554, dt = 0.000555556
INFO|2020-05-04 04:19:39,380|pysph.solver.solver|Writing output at time 23.2317, iteration 41817, dt = 0.000555556
INFO|2020-05-04 04:20:02,324|pysph.solver.solver|Writing output at time 23.3778, iteration 42080, dt = 0.000555556
INFO|2020-05-04 04:20:25,328|pysph.solver.solver|Writing output at time 23.5239, iteration 42343, dt = 0.000555556
INFO|2020-05-04 04:20:48,313|pysph.solver.solver|Writing output at time 23.67, iteration 42606, dt = 0.000555556
INFO|2020-05-04 04:21:11,320|pysph.solver.solver|Writing output at time 23.8161, iteration 42869, dt = 0.000555556
INFO|2020-05-04 04:21:34,221|pysph.solver.solver|Writing output at time 23.9622, iteration 43132, dt = 0.000555556
INFO|2020-05-04 04:21:57,132|pysph.solver.solver|Writing output at time 24.1083, iteration 43395, dt = 0.000555556
INFO|2020-05-04 04:22:20,002|pysph.solver.solver|Writing output at time 24.2544, iteration 43658, dt = 0.000555556
INFO|2020-05-04 04:22:42,910|pysph.solver.solver|Writing output at time 24.4006, iteration 43921, dt = 0.000555556
INFO|2020-05-04 04:23:05,842|pysph.solver.solver|Writing output at time 24.5467, iteration 44184, dt = 0.000555556
INFO|2020-05-04 04:23:28,759|pysph.solver.solver|Writing output at time 24.6928, iteration 44447, dt = 0.000555556
INFO|2020-05-04 04:23:51,656|pysph.solver.solver|Writing output at time 24.8389, iteration 44710, dt = 0.000555556
INFO|2020-05-04 04:24:14,651|pysph.solver.solver|Writing output at time 24.985, iteration 44973, dt = 0.000555556
INFO|2020-05-04 04:24:37,639|pysph.solver.solver|Writing output at time 25.1311, iteration 45236, dt = 0.000555556
INFO|2020-05-04 04:25:00,545|pysph.solver.solver|Writing output at time 25.2772, iteration 45499, dt = 0.000555556
INFO|2020-05-04 04:25:23,495|pysph.solver.solver|Writing output at time 25.4233, iteration 45762, dt = 0.000555556
INFO|2020-05-04 04:25:46,452|pysph.solver.solver|Writing output at time 25.5694, iteration 46025, dt = 0.000555556
INFO|2020-05-04 04:26:09,423|pysph.solver.solver|Writing output at time 25.7156, iteration 46288, dt = 0.000555556
INFO|2020-05-04 04:26:32,356|pysph.solver.solver|Writing output at time 25.8617, iteration 46551, dt = 0.000555556
INFO|2020-05-04 04:26:55,322|pysph.solver.solver|Writing output at time 26.0078, iteration 46814, dt = 0.000555556
INFO|2020-05-04 04:27:18,286|pysph.solver.solver|Writing output at time 26.1539, iteration 47077, dt = 0.000555556
INFO|2020-05-04 04:27:41,215|pysph.solver.solver|Writing output at time 26.3, iteration 47340, dt = 0.000555556
INFO|2020-05-04 04:28:04,223|pysph.solver.solver|Writing output at time 26.4461, iteration 47603, dt = 0.000555556
INFO|2020-05-04 04:28:27,201|pysph.solver.solver|Writing output at time 26.5922, iteration 47866, dt = 0.000555556
INFO|2020-05-04 04:28:50,182|pysph.solver.solver|Writing output at time 26.7383, iteration 48129, dt = 0.000555556
INFO|2020-05-04 04:29:13,174|pysph.solver.solver|Writing output at time 26.8844, iteration 48392, dt = 0.000555556
INFO|2020-05-04 04:29:36,165|pysph.solver.solver|Writing output at time 27.0306, iteration 48655, dt = 0.000555556
INFO|2020-05-04 04:29:59,236|pysph.solver.solver|Writing output at time 27.1767, iteration 48918, dt = 0.000555556
INFO|2020-05-04 04:30:22,333|pysph.solver.solver|Writing output at time 27.3228, iteration 49181, dt = 0.000555556
INFO|2020-05-04 04:30:45,419|pysph.solver.solver|Writing output at time 27.4689, iteration 49444, dt = 0.000555556
INFO|2020-05-04 04:31:08,560|pysph.solver.solver|Writing output at time 27.615, iteration 49707, dt = 0.000555556
INFO|2020-05-04 04:31:31,833|pysph.solver.solver|Writing output at time 27.7611, iteration 49970, dt = 0.000555556
INFO|2020-05-04 04:31:54,964|pysph.solver.solver|Writing output at time 27.9072, iteration 50233, dt = 0.000555556
INFO|2020-05-04 04:32:18,093|pysph.solver.solver|Writing output at time 28.0533, iteration 50496, dt = 0.000555556
INFO|2020-05-04 04:32:41,186|pysph.solver.solver|Writing output at time 28.1994, iteration 50759, dt = 0.000555556
INFO|2020-05-04 04:33:04,346|pysph.solver.solver|Writing output at time 28.3456, iteration 51022, dt = 0.000555556
INFO|2020-05-04 04:33:27,433|pysph.solver.solver|Writing output at time 28.4917, iteration 51285, dt = 0.000555556
INFO|2020-05-04 04:33:50,528|pysph.solver.solver|Writing output at time 28.6378, iteration 51548, dt = 0.000555556
INFO|2020-05-04 04:34:13,562|pysph.solver.solver|Writing output at time 28.7839, iteration 51811, dt = 0.000555556
INFO|2020-05-04 04:34:36,605|pysph.solver.solver|Writing output at time 28.93, iteration 52074, dt = 0.000555556
INFO|2020-05-04 04:34:59,636|pysph.solver.solver|Writing output at time 29.0761, iteration 52337, dt = 0.000555556
INFO|2020-05-04 04:35:22,609|pysph.solver.solver|Writing output at time 29.2222, iteration 52600, dt = 0.000555556
INFO|2020-05-04 04:35:45,598|pysph.solver.solver|Writing output at time 29.3683, iteration 52863, dt = 0.000555556
INFO|2020-05-04 04:36:08,489|pysph.solver.solver|Writing output at time 29.5144, iteration 53126, dt = 0.000555556
INFO|2020-05-04 04:36:31,480|pysph.solver.solver|Writing output at time 29.6606, iteration 53389, dt = 0.000555556
INFO|2020-05-04 04:36:54,405|pysph.solver.solver|Writing output at time 29.8067, iteration 53652, dt = 0.000555556
INFO|2020-05-04 04:37:17,395|pysph.solver.solver|Writing output at time 29.9528, iteration 53915, dt = 0.000555556
INFO|2020-05-04 04:37:40,321|pysph.solver.solver|Writing output at time 30.0989, iteration 54178, dt = 0.000555556
INFO|2020-05-04 04:38:03,226|pysph.solver.solver|Writing output at time 30.245, iteration 54441, dt = 0.000555556
INFO|2020-05-04 04:38:26,182|pysph.solver.solver|Writing output at time 30.3911, iteration 54704, dt = 0.000555556
INFO|2020-05-04 04:38:49,137|pysph.solver.solver|Writing output at time 30.5372, iteration 54967, dt = 0.000555556
INFO|2020-05-04 04:39:12,050|pysph.solver.solver|Writing output at time 30.6833, iteration 55230, dt = 0.000555556
INFO|2020-05-04 04:39:35,018|pysph.solver.solver|Writing output at time 30.8294, iteration 55493, dt = 0.000555556
INFO|2020-05-04 04:39:57,952|pysph.solver.solver|Writing output at time 30.9756, iteration 55756, dt = 0.000555556
INFO|2020-05-04 04:40:20,905|pysph.solver.solver|Writing output at time 31.1217, iteration 56019, dt = 0.000555556
INFO|2020-05-04 04:40:43,869|pysph.solver.solver|Writing output at time 31.2678, iteration 56282, dt = 0.000555556
INFO|2020-05-04 04:41:06,881|pysph.solver.solver|Writing output at time 31.4139, iteration 56545, dt = 0.000555556
INFO|2020-05-04 04:41:29,888|pysph.solver.solver|Writing output at time 31.56, iteration 56808, dt = 0.000555556
INFO|2020-05-04 04:41:52,982|pysph.solver.solver|Writing output at time 31.7061, iteration 57071, dt = 0.000555556
INFO|2020-05-04 04:42:15,985|pysph.solver.solver|Writing output at time 31.8522, iteration 57334, dt = 0.000555556
INFO|2020-05-04 04:42:39,016|pysph.solver.solver|Writing output at time 31.9983, iteration 57597, dt = 0.000555556
INFO|2020-05-04 04:43:02,067|pysph.solver.solver|Writing output at time 32.1444, iteration 57860, dt = 0.000555556
INFO|2020-05-04 04:43:25,111|pysph.solver.solver|Writing output at time 32.2906, iteration 58123, dt = 0.000555556
INFO|2020-05-04 04:43:48,121|pysph.solver.solver|Writing output at time 32.4367, iteration 58386, dt = 0.000555556
INFO|2020-05-04 04:44:11,115|pysph.solver.solver|Writing output at time 32.5828, iteration 58649, dt = 0.000555556
INFO|2020-05-04 04:44:34,162|pysph.solver.solver|Writing output at time 32.7289, iteration 58912, dt = 0.000555556
INFO|2020-05-04 04:44:57,186|pysph.solver.solver|Writing output at time 32.875, iteration 59175, dt = 0.000555556
INFO|2020-05-04 04:45:20,189|pysph.solver.solver|Writing output at time 33.0211, iteration 59438, dt = 0.000555556
INFO|2020-05-04 04:45:43,204|pysph.solver.solver|Writing output at time 33.1672, iteration 59701, dt = 0.000555556
INFO|2020-05-04 04:46:06,163|pysph.solver.solver|Writing output at time 33.3133, iteration 59964, dt = 0.000555556
INFO|2020-05-04 04:46:29,172|pysph.solver.solver|Writing output at time 33.4594, iteration 60227, dt = 0.000555556
INFO|2020-05-04 04:46:52,146|pysph.solver.solver|Writing output at time 33.6056, iteration 60490, dt = 0.000555556
INFO|2020-05-04 04:47:15,165|pysph.solver.solver|Writing output at time 33.7517, iteration 60753, dt = 0.000555556
INFO|2020-05-04 04:47:38,125|pysph.solver.solver|Writing output at time 33.8978, iteration 61016, dt = 0.000555556
INFO|2020-05-04 04:48:01,089|pysph.solver.solver|Writing output at time 34.0439, iteration 61279, dt = 0.000555556
INFO|2020-05-04 04:48:24,032|pysph.solver.solver|Writing output at time 34.19, iteration 61542, dt = 0.000555556
INFO|2020-05-04 04:48:47,015|pysph.solver.solver|Writing output at time 34.3361, iteration 61805, dt = 0.000555556
INFO|2020-05-04 04:49:10,088|pysph.solver.solver|Writing output at time 34.4822, iteration 62068, dt = 0.000555556
INFO|2020-05-04 04:49:33,166|pysph.solver.solver|Writing output at time 34.6283, iteration 62331, dt = 0.000555556
INFO|2020-05-04 04:49:56,208|pysph.solver.solver|Writing output at time 34.7744, iteration 62594, dt = 0.000555556
INFO|2020-05-04 04:50:19,253|pysph.solver.solver|Writing output at time 34.9206, iteration 62857, dt = 0.000555556
INFO|2020-05-04 04:50:42,273|pysph.solver.solver|Writing output at time 35.0667, iteration 63120, dt = 0.000555556
INFO|2020-05-04 04:51:05,258|pysph.solver.solver|Writing output at time 35.2128, iteration 63383, dt = 0.000555556
INFO|2020-05-04 04:51:28,242|pysph.solver.solver|Writing output at time 35.3589, iteration 63646, dt = 0.000555556
INFO|2020-05-04 04:51:51,197|pysph.solver.solver|Writing output at time 35.505, iteration 63909, dt = 0.000555556
INFO|2020-05-04 04:52:14,227|pysph.solver.solver|Writing output at time 35.6511, iteration 64172, dt = 0.000555556
INFO|2020-05-04 04:52:37,242|pysph.solver.solver|Writing output at time 35.7972, iteration 64435, dt = 0.000555556
INFO|2020-05-04 04:53:00,240|pysph.solver.solver|Writing output at time 35.9433, iteration 64698, dt = 0.000555556
INFO|2020-05-04 04:53:23,240|pysph.solver.solver|Writing output at time 36.0894, iteration 64961, dt = 0.000555556
INFO|2020-05-04 04:53:46,253|pysph.solver.solver|Writing output at time 36.2356, iteration 65224, dt = 0.000555556
INFO|2020-05-04 04:54:09,262|pysph.solver.solver|Writing output at time 36.3817, iteration 65487, dt = 0.000555556
INFO|2020-05-04 04:54:32,229|pysph.solver.solver|Writing output at time 36.5278, iteration 65750, dt = 0.000555556
INFO|2020-05-04 04:54:55,247|pysph.solver.solver|Writing output at time 36.6739, iteration 66013, dt = 0.000555556
INFO|2020-05-04 04:55:18,234|pysph.solver.solver|Writing output at time 36.82, iteration 66276, dt = 0.000555556
INFO|2020-05-04 04:55:41,212|pysph.solver.solver|Writing output at time 36.9661, iteration 66539, dt = 0.000555556
INFO|2020-05-04 04:56:04,264|pysph.solver.solver|Writing output at time 37.1122, iteration 66802, dt = 0.000555556
INFO|2020-05-04 04:56:27,304|pysph.solver.solver|Writing output at time 37.2583, iteration 67065, dt = 0.000555556
INFO|2020-05-04 04:56:50,337|pysph.solver.solver|Writing output at time 37.4044, iteration 67328, dt = 0.000555556
INFO|2020-05-04 04:57:13,347|pysph.solver.solver|Writing output at time 37.5506, iteration 67591, dt = 0.000555556
INFO|2020-05-04 04:57:36,357|pysph.solver.solver|Writing output at time 37.6967, iteration 67854, dt = 0.000555556
INFO|2020-05-04 04:57:59,379|pysph.solver.solver|Writing output at time 37.8428, iteration 68117, dt = 0.000555556
INFO|2020-05-04 04:58:22,418|pysph.solver.solver|Writing output at time 37.9889, iteration 68380, dt = 0.000555556
INFO|2020-05-04 04:58:45,470|pysph.solver.solver|Writing output at time 38.135, iteration 68643, dt = 0.000555556
INFO|2020-05-04 04:59:08,510|pysph.solver.solver|Writing output at time 38.2811, iteration 68906, dt = 0.000555556
INFO|2020-05-04 04:59:31,567|pysph.solver.solver|Writing output at time 38.4272, iteration 69169, dt = 0.000555556
INFO|2020-05-04 04:59:54,665|pysph.solver.solver|Writing output at time 38.5733, iteration 69432, dt = 0.000555556
INFO|2020-05-04 05:00:17,737|pysph.solver.solver|Writing output at time 38.7194, iteration 69695, dt = 0.000555556
INFO|2020-05-04 05:00:40,785|pysph.solver.solver|Writing output at time 38.8656, iteration 69958, dt = 0.000555556
INFO|2020-05-04 05:01:03,859|pysph.solver.solver|Writing output at time 39.0117, iteration 70221, dt = 0.000555556
INFO|2020-05-04 05:01:26,863|pysph.solver.solver|Writing output at time 39.1578, iteration 70484, dt = 0.000555556
INFO|2020-05-04 05:01:49,852|pysph.solver.solver|Writing output at time 39.3039, iteration 70747, dt = 0.000555556
INFO|2020-05-04 05:02:12,862|pysph.solver.solver|Writing output at time 39.45, iteration 71010, dt = 0.000555556
INFO|2020-05-04 05:02:35,855|pysph.solver.solver|Writing output at time 39.5961, iteration 71273, dt = 0.000555556
INFO|2020-05-04 05:02:58,823|pysph.solver.solver|Writing output at time 39.7422, iteration 71536, dt = 0.000555556
INFO|2020-05-04 05:03:21,805|pysph.solver.solver|Writing output at time 39.8883, iteration 71799, dt = 0.000555556
INFO|2020-05-04 05:03:44,792|pysph.solver.solver|Writing output at time 40.0344, iteration 72062, dt = 0.000555556
INFO|2020-05-04 05:04:07,834|pysph.solver.solver|Writing output at time 40.1806, iteration 72325, dt = 0.000555556
INFO|2020-05-04 05:04:30,846|pysph.solver.solver|Writing output at time 40.3267, iteration 72588, dt = 0.000555556
INFO|2020-05-04 05:04:53,849|pysph.solver.solver|Writing output at time 40.4728, iteration 72851, dt = 0.000555556
INFO|2020-05-04 05:05:16,863|pysph.solver.solver|Writing output at time 40.6189, iteration 73114, dt = 0.000555556
INFO|2020-05-04 05:05:39,857|pysph.solver.solver|Writing output at time 40.765, iteration 73377, dt = 0.000555556
INFO|2020-05-04 05:06:02,858|pysph.solver.solver|Writing output at time 40.9111, iteration 73640, dt = 0.000555556
INFO|2020-05-04 05:06:25,815|pysph.solver.solver|Writing output at time 41.0572, iteration 73903, dt = 0.000555556
INFO|2020-05-04 05:06:48,826|pysph.solver.solver|Writing output at time 41.2033, iteration 74166, dt = 0.000555556
INFO|2020-05-04 05:07:11,825|pysph.solver.solver|Writing output at time 41.3494, iteration 74429, dt = 0.000555556
INFO|2020-05-04 05:07:34,897|pysph.solver.solver|Writing output at time 41.4956, iteration 74692, dt = 0.000555556
INFO|2020-05-04 05:07:58,020|pysph.solver.solver|Writing output at time 41.6417, iteration 74955, dt = 0.000555556
INFO|2020-05-04 05:08:21,113|pysph.solver.solver|Writing output at time 41.7878, iteration 75218, dt = 0.000555556
INFO|2020-05-04 05:08:44,155|pysph.solver.solver|Writing output at time 41.9339, iteration 75481, dt = 0.000555556
INFO|2020-05-04 05:09:07,162|pysph.solver.solver|Writing output at time 42.08, iteration 75744, dt = 0.000555556
INFO|2020-05-04 05:09:30,179|pysph.solver.solver|Writing output at time 42.2261, iteration 76007, dt = 0.000555556
INFO|2020-05-04 05:09:53,160|pysph.solver.solver|Writing output at time 42.3722, iteration 76270, dt = 0.000555556
INFO|2020-05-04 05:10:16,213|pysph.solver.solver|Writing output at time 42.5183, iteration 76533, dt = 0.000555556
INFO|2020-05-04 05:10:39,229|pysph.solver.solver|Writing output at time 42.6644, iteration 76796, dt = 0.000555556
INFO|2020-05-04 05:11:02,271|pysph.solver.solver|Writing output at time 42.8106, iteration 77059, dt = 0.000555556
INFO|2020-05-04 05:11:25,313|pysph.solver.solver|Writing output at time 42.9567, iteration 77322, dt = 0.000555556
INFO|2020-05-04 05:11:48,403|pysph.solver.solver|Writing output at time 43.1028, iteration 77585, dt = 0.000555556
INFO|2020-05-04 05:12:11,534|pysph.solver.solver|Writing output at time 43.2489, iteration 77848, dt = 0.000555556
INFO|2020-05-04 05:12:34,625|pysph.solver.solver|Writing output at time 43.395, iteration 78111, dt = 0.000555556
INFO|2020-05-04 05:12:57,745|pysph.solver.solver|Writing output at time 43.5411, iteration 78374, dt = 0.000555556
INFO|2020-05-04 05:13:20,837|pysph.solver.solver|Writing output at time 43.6872, iteration 78637, dt = 0.000555556
INFO|2020-05-04 05:13:43,909|pysph.solver.solver|Writing output at time 43.8333, iteration 78900, dt = 0.000555556
INFO|2020-05-04 05:14:06,979|pysph.solver.solver|Writing output at time 43.9794, iteration 79163, dt = 0.000555556
INFO|2020-05-04 05:14:30,029|pysph.solver.solver|Writing output at time 44.1256, iteration 79426, dt = 0.000555556
INFO|2020-05-04 05:14:53,104|pysph.solver.solver|Writing output at time 44.2717, iteration 79689, dt = 0.000555556
INFO|2020-05-04 05:15:16,127|pysph.solver.solver|Writing output at time 44.4178, iteration 79952, dt = 0.000555556
INFO|2020-05-04 05:15:39,138|pysph.solver.solver|Writing output at time 44.5639, iteration 80215, dt = 0.000555556
INFO|2020-05-04 05:16:02,123|pysph.solver.solver|Writing output at time 44.71, iteration 80478, dt = 0.000555556
INFO|2020-05-04 05:16:25,123|pysph.solver.solver|Writing output at time 44.8561, iteration 80741, dt = 0.000555556
INFO|2020-05-04 05:16:48,121|pysph.solver.solver|Writing output at time 45.0022, iteration 81004, dt = 0.000555556
INFO|2020-05-04 05:17:11,136|pysph.solver.solver|Writing output at time 45.1483, iteration 81267, dt = 0.000555556
INFO|2020-05-04 05:17:34,201|pysph.solver.solver|Writing output at time 45.2944, iteration 81530, dt = 0.000555556
INFO|2020-05-04 05:17:57,204|pysph.solver.solver|Writing output at time 45.4406, iteration 81793, dt = 0.000555556
INFO|2020-05-04 05:18:20,163|pysph.solver.solver|Writing output at time 45.5867, iteration 82056, dt = 0.000555556
INFO|2020-05-04 05:18:43,161|pysph.solver.solver|Writing output at time 45.7328, iteration 82319, dt = 0.000555556
INFO|2020-05-04 05:19:06,183|pysph.solver.solver|Writing output at time 45.8789, iteration 82582, dt = 0.000555556
INFO|2020-05-04 05:19:29,211|pysph.solver.solver|Writing output at time 46.025, iteration 82845, dt = 0.000555556
INFO|2020-05-04 05:19:52,283|pysph.solver.solver|Writing output at time 46.1711, iteration 83108, dt = 0.000555556
INFO|2020-05-04 05:20:15,309|pysph.solver.solver|Writing output at time 46.3172, iteration 83371, dt = 0.000555556
INFO|2020-05-04 05:20:38,270|pysph.solver.solver|Writing output at time 46.4633, iteration 83634, dt = 0.000555556
INFO|2020-05-04 05:21:01,219|pysph.solver.solver|Writing output at time 46.6094, iteration 83897, dt = 0.000555556
INFO|2020-05-04 05:21:24,240|pysph.solver.solver|Writing output at time 46.7556, iteration 84160, dt = 0.000555556
INFO|2020-05-04 05:21:47,274|pysph.solver.solver|Writing output at time 46.9017, iteration 84423, dt = 0.000555556
INFO|2020-05-04 05:22:10,246|pysph.solver.solver|Writing output at time 47.0478, iteration 84686, dt = 0.000555556
INFO|2020-05-04 05:22:33,200|pysph.solver.solver|Writing output at time 47.1939, iteration 84949, dt = 0.000555556
INFO|2020-05-04 05:22:56,146|pysph.solver.solver|Writing output at time 47.34, iteration 85212, dt = 0.000555556
INFO|2020-05-04 05:23:19,110|pysph.solver.solver|Writing output at time 47.4861, iteration 85475, dt = 0.000555556
INFO|2020-05-04 05:23:42,111|pysph.solver.solver|Writing output at time 47.6322, iteration 85738, dt = 0.000555556
INFO|2020-05-04 05:24:05,140|pysph.solver.solver|Writing output at time 47.7783, iteration 86001, dt = 0.000555556
INFO|2020-05-04 05:24:28,120|pysph.solver.solver|Writing output at time 47.9244, iteration 86264, dt = 0.000555556
INFO|2020-05-04 05:24:51,071|pysph.solver.solver|Writing output at time 48.0706, iteration 86527, dt = 0.000555556
INFO|2020-05-04 05:25:14,038|pysph.solver.solver|Writing output at time 48.2167, iteration 86790, dt = 0.000555556
INFO|2020-05-04 05:25:37,041|pysph.solver.solver|Writing output at time 48.3628, iteration 87053, dt = 0.000555556
INFO|2020-05-04 05:26:00,080|pysph.solver.solver|Writing output at time 48.5089, iteration 87316, dt = 0.000555556
INFO|2020-05-04 05:26:23,101|pysph.solver.solver|Writing output at time 48.655, iteration 87579, dt = 0.000555556
INFO|2020-05-04 05:26:46,114|pysph.solver.solver|Writing output at time 48.8011, iteration 87842, dt = 0.000555556
INFO|2020-05-04 05:27:09,071|pysph.solver.solver|Writing output at time 48.9472, iteration 88105, dt = 0.000555556
INFO|2020-05-04 05:27:32,080|pysph.solver.solver|Writing output at time 49.0933, iteration 88368, dt = 0.000555556
INFO|2020-05-04 05:27:55,097|pysph.solver.solver|Writing output at time 49.2394, iteration 88631, dt = 0.000555556
INFO|2020-05-04 05:28:18,097|pysph.solver.solver|Writing output at time 49.3856, iteration 88894, dt = 0.000555556
INFO|2020-05-04 05:28:41,078|pysph.solver.solver|Writing output at time 49.5317, iteration 89157, dt = 0.000555556
INFO|2020-05-04 05:29:04,070|pysph.solver.solver|Writing output at time 49.6778, iteration 89420, dt = 0.000555556
INFO|2020-05-04 05:29:27,121|pysph.solver.solver|Writing output at time 49.8239, iteration 89683, dt = 0.000555556
INFO|2020-05-04 05:29:50,185|pysph.solver.solver|Writing output at time 49.97, iteration 89946, dt = 0.000555556
INFO|2020-05-04 05:30:13,201|pysph.solver.solver|Writing output at time 50.1161, iteration 90209, dt = 0.000555556
INFO|2020-05-04 05:30:36,187|pysph.solver.solver|Writing output at time 50.2622, iteration 90472, dt = 0.000555556
INFO|2020-05-04 05:30:59,195|pysph.solver.solver|Writing output at time 50.4083, iteration 90735, dt = 0.000555556
INFO|2020-05-04 05:31:22,235|pysph.solver.solver|Writing output at time 50.5544, iteration 90998, dt = 0.000555556
INFO|2020-05-04 05:31:45,346|pysph.solver.solver|Writing output at time 50.7006, iteration 91261, dt = 0.000555556
INFO|2020-05-04 05:32:08,388|pysph.solver.solver|Writing output at time 50.8467, iteration 91524, dt = 0.000555556
INFO|2020-05-04 05:32:31,415|pysph.solver.solver|Writing output at time 50.9928, iteration 91787, dt = 0.000555556
INFO|2020-05-04 05:32:54,419|pysph.solver.solver|Writing output at time 51.1389, iteration 92050, dt = 0.000555556
INFO|2020-05-04 05:33:17,532|pysph.solver.solver|Writing output at time 51.285, iteration 92313, dt = 0.000555556
INFO|2020-05-04 05:33:40,648|pysph.solver.solver|Writing output at time 51.4311, iteration 92576, dt = 0.000555556
INFO|2020-05-04 05:34:03,721|pysph.solver.solver|Writing output at time 51.5772, iteration 92839, dt = 0.000555556
INFO|2020-05-04 05:34:26,787|pysph.solver.solver|Writing output at time 51.7233, iteration 93102, dt = 0.000555556
INFO|2020-05-04 05:34:49,865|pysph.solver.solver|Writing output at time 51.8694, iteration 93365, dt = 0.000555556
INFO|2020-05-04 05:35:12,959|pysph.solver.solver|Writing output at time 52.0156, iteration 93628, dt = 0.000555556
INFO|2020-05-04 05:35:36,058|pysph.solver.solver|Writing output at time 52.1617, iteration 93891, dt = 0.000555556
INFO|2020-05-04 05:35:59,141|pysph.solver.solver|Writing output at time 52.3078, iteration 94154, dt = 0.000555556
INFO|2020-05-04 05:36:22,236|pysph.solver.solver|Writing output at time 52.4539, iteration 94417, dt = 0.000555556
INFO|2020-05-04 05:36:45,345|pysph.solver.solver|Writing output at time 52.6, iteration 94680, dt = 0.000555556
INFO|2020-05-04 05:37:08,452|pysph.solver.solver|Writing output at time 52.7461, iteration 94943, dt = 0.000555556
INFO|2020-05-04 05:37:31,491|pysph.solver.solver|Writing output at time 52.8922, iteration 95206, dt = 0.000555556
INFO|2020-05-04 05:37:54,561|pysph.solver.solver|Writing output at time 53.0383, iteration 95469, dt = 0.000555556
INFO|2020-05-04 05:38:17,664|pysph.solver.solver|Writing output at time 53.1844, iteration 95732, dt = 0.000555556
INFO|2020-05-04 05:38:40,768|pysph.solver.solver|Writing output at time 53.3306, iteration 95995, dt = 0.000555556
INFO|2020-05-04 05:39:03,831|pysph.solver.solver|Writing output at time 53.4767, iteration 96258, dt = 0.000555556
INFO|2020-05-04 05:39:26,922|pysph.solver.solver|Writing output at time 53.6228, iteration 96521, dt = 0.000555556
INFO|2020-05-04 05:39:50,057|pysph.solver.solver|Writing output at time 53.7689, iteration 96784, dt = 0.000555556
INFO|2020-05-04 05:40:13,115|pysph.solver.solver|Writing output at time 53.915, iteration 97047, dt = 0.000555556
INFO|2020-05-04 05:40:36,161|pysph.solver.solver|Writing output at time 54.0611, iteration 97310, dt = 0.000555556
INFO|2020-05-04 05:40:59,264|pysph.solver.solver|Writing output at time 54.2072, iteration 97573, dt = 0.000555556
INFO|2020-05-04 05:41:22,412|pysph.solver.solver|Writing output at time 54.3533, iteration 97836, dt = 0.000555556
INFO|2020-05-04 05:41:45,458|pysph.solver.solver|Writing output at time 54.4994, iteration 98099, dt = 0.000555556
INFO|2020-05-04 05:42:08,455|pysph.solver.solver|Writing output at time 54.6456, iteration 98362, dt = 0.000555556
INFO|2020-05-04 05:42:31,495|pysph.solver.solver|Writing output at time 54.7917, iteration 98625, dt = 0.000555556
INFO|2020-05-04 05:42:54,586|pysph.solver.solver|Writing output at time 54.9378, iteration 98888, dt = 0.000555556
INFO|2020-05-04 05:43:17,560|pysph.solver.solver|Writing output at time 55.0839, iteration 99151, dt = 0.000555556
INFO|2020-05-04 05:43:40,558|pysph.solver.solver|Writing output at time 55.23, iteration 99414, dt = 0.000555556
INFO|2020-05-04 05:44:03,590|pysph.solver.solver|Writing output at time 55.3761, iteration 99677, dt = 0.000555556
INFO|2020-05-04 05:44:26,627|pysph.solver.solver|Writing output at time 55.5222, iteration 99940, dt = 0.000555556
INFO|2020-05-04 05:44:49,617|pysph.solver.solver|Writing output at time 55.6683, iteration 100203, dt = 0.000555556
INFO|2020-05-04 05:45:12,665|pysph.solver.solver|Writing output at time 55.8144, iteration 100466, dt = 0.000555556
INFO|2020-05-04 05:45:35,703|pysph.solver.solver|Writing output at time 55.9606, iteration 100729, dt = 0.000555556
INFO|2020-05-04 05:45:58,737|pysph.solver.solver|Writing output at time 56.1067, iteration 100992, dt = 0.000555556
INFO|2020-05-04 05:46:21,782|pysph.solver.solver|Writing output at time 56.2528, iteration 101255, dt = 0.000555556
INFO|2020-05-04 05:46:44,828|pysph.solver.solver|Writing output at time 56.3989, iteration 101518, dt = 0.000555556
INFO|2020-05-04 05:47:07,893|pysph.solver.solver|Writing output at time 56.545, iteration 101781, dt = 0.000555556
INFO|2020-05-04 05:47:30,922|pysph.solver.solver|Writing output at time 56.6911, iteration 102044, dt = 0.000555556
INFO|2020-05-04 05:47:53,934|pysph.solver.solver|Writing output at time 56.8372, iteration 102307, dt = 0.000555556
INFO|2020-05-04 05:48:16,954|pysph.solver.solver|Writing output at time 56.9833, iteration 102570, dt = 0.000555556
INFO|2020-05-04 05:48:40,029|pysph.solver.solver|Writing output at time 57.1294, iteration 102833, dt = 0.000555556
INFO|2020-05-04 05:49:03,071|pysph.solver.solver|Writing output at time 57.2756, iteration 103096, dt = 0.000555556
INFO|2020-05-04 05:49:26,065|pysph.solver.solver|Writing output at time 57.4217, iteration 103359, dt = 0.000555556
INFO|2020-05-04 05:49:49,126|pysph.solver.solver|Writing output at time 57.5678, iteration 103622, dt = 0.000555556
INFO|2020-05-04 05:50:12,252|pysph.solver.solver|Writing output at time 57.7139, iteration 103885, dt = 0.000555556
INFO|2020-05-04 05:50:35,324|pysph.solver.solver|Writing output at time 57.86, iteration 104148, dt = 0.000555556
INFO|2020-05-04 05:50:58,417|pysph.solver.solver|Writing output at time 58.0061, iteration 104411, dt = 0.000555556
INFO|2020-05-04 05:51:21,547|pysph.solver.solver|Writing output at time 58.1522, iteration 104674, dt = 0.000555556
INFO|2020-05-04 05:51:44,621|pysph.solver.solver|Writing output at time 58.2983, iteration 104937, dt = 0.000555556
INFO|2020-05-04 05:52:07,643|pysph.solver.solver|Writing output at time 58.4444, iteration 105200, dt = 0.000555556
INFO|2020-05-04 05:52:19,483|pysph.solver.solver|Writing output at time 58.5192, iteration 105335, dt = 0.000317241
INFO|2020-05-04 05:52:19,570|pysph.solver.application|Run took: 9140.28037 secs
