INFO|2019-11-04 13:18:00,980|pysph.solver.application|Running on ubuntu-opsi with address 127.0.1.1
INFO|2019-11-04 13:18:05,975|pysph.solver.application|Generating output in /home/ubuntu-vm/rve_output
INFO|2019-11-04 13:18:06,297|pysph.solver.application|No of particles:
----------------------------------------------------------------------
  fluid: 2365
  fibers: 1010
----------------------------------------------------------------------
INFO|2019-11-04 13:18:06,298|pysph.solver.application|Using kernel:
----------------------------------------------------------------------
  CubicSpline(dim=3)
----------------------------------------------------------------------
INFO|2019-11-04 13:18:06,298|pysph.solver.application|Using nnps:
----------------------------------------------------------------------
  LinkedListNNPS(dim=3)
----------------------------------------------------------------------
INFO|2019-11-04 13:18:06,298|pysph.solver.application|Using integrator:
----------------------------------------------------------------------
  EPECIntegrator(fluid=TransportVelocityStep(), fibers=TransportVelocityStep())
----------------------------------------------------------------------
INFO|2019-11-04 13:18:06,299|pysph.solver.application|Using equations:
----------------------------------------------------------------------
[
Group(equations=[
SummationDensity(dest='fluid', sources=['fluid', 'fibers']),
EBGVelocityReset(dest='fibers', sources=None, velocity_correction=True)
    ],
    real=False, update_nnps=False, iterate=False, max_iterations=1, min_iterations=0, pre=None, post=None),
Group(equations=[
StateEquation(dest='fluid', sources=None, p0=75.0, rho0=1333333.3333333333, b=1.0),
SetWallVelocity(dest='fibers', sources=['fluid'])
    ],
    real=False, update_nnps=False, iterate=False, max_iterations=1, min_iterations=0, pre=None, post=None),
Group(equations=[
SolidWallPressureBC(dest='fibers', sources=['fluid'], rho0=1333333.3333333333, p0=75.0, b=1.0, gx=0.0, gy=0.0, gz=0.0)
    ],
    real=False, update_nnps=False, iterate=False, max_iterations=1, min_iterations=0, pre=None, post=None),
Group(equations=[
ComputeDistance(dest='fibers', sources=['fibers']),
VelocityGradient(dest='fibers', sources=['fluid', 'fibers'])
    ],
    real=True, update_nnps=False, iterate=False, max_iterations=1, min_iterations=0, pre=None, post=None),
Group(equations=[
MomentumEquationPressureGradient(dest='fluid', sources=['fluid', 'fibers'], pb=75.0, gx=0.0, gy=0.0, gz=0.0, tdamp=0.0),
MomentumEquationViscosity(dest='fluid', sources=['fluid'], nu=7.5e-07),
SolidWallNoSlipBC(dest='fluid', sources=['fibers'], nu=7.5e-07),
MomentumEquationArtificialStress(dest='fluid', sources=['fluid']),
MomentumEquationPressureGradient(dest='fibers', sources=['fluid', 'fibers'], pb=0.0, gx=0.0, gy=0.0, gz=0.0, tdamp=0.0),
FiberViscousTraction(dest='fibers', sources=['fluid'], nu=7.5e-07),
Friction(dest='fibers', sources=None, J=3.3183098861837924e-14, dx=0.0001, mu=1.0, d=0.00011283791670955128)
    ],
    real=True, update_nnps=False, iterate=False, max_iterations=1, min_iterations=0, pre=None, post=None),
Group(equations=[
HoldPoints(dest='fibers', sources=None, tag=100, x=True, y=True, z=True)
    ],
    real=True, update_nnps=False, iterate=False, max_iterations=1, min_iterations=0, pre=None, post=None)
]
----------------------------------------------------------------------
INFO|2019-11-04 13:18:06,324|pysph.solver.application|started multiprocessing interface on ('0.0.0.0', 8800)
INFO|2019-11-04 13:18:06,594|pysph.solver.application|Setup took: 5.62524 secs
INFO|2019-11-04 13:18:06,595|pysph.solver.solver|Writing output at time 0, iteration 0, dt = 0.00166667
INFO|2019-11-04 13:20:42,143|pysph.solver.solver|Writing output at time 0.163333, iteration 98, dt = 0.00166667
INFO|2019-11-04 13:23:12,927|pysph.solver.solver|Writing output at time 0.326667, iteration 196, dt = 0.00166667
INFO|2019-11-04 13:25:46,162|pysph.solver.solver|Writing output at time 0.49, iteration 294, dt = 0.00166667
INFO|2019-11-04 13:28:19,370|pysph.solver.solver|Writing output at time 0.653333, iteration 392, dt = 0.00166667
INFO|2019-11-04 13:30:56,267|pysph.solver.solver|Writing output at time 0.816667, iteration 490, dt = 0.00166667
INFO|2019-11-04 13:33:28,399|pysph.solver.solver|Writing output at time 0.98, iteration 588, dt = 0.00166667
INFO|2019-11-04 13:36:00,810|pysph.solver.solver|Writing output at time 1.14333, iteration 686, dt = 0.00166667
INFO|2019-11-04 13:38:34,697|pysph.solver.solver|Writing output at time 1.30667, iteration 784, dt = 0.00166667
INFO|2019-11-04 13:41:07,546|pysph.solver.solver|Writing output at time 1.47, iteration 882, dt = 0.00166667
INFO|2019-11-04 13:43:40,019|pysph.solver.solver|Writing output at time 1.63333, iteration 980, dt = 0.00166667
INFO|2019-11-04 13:46:14,624|pysph.solver.solver|Writing output at time 1.79667, iteration 1078, dt = 0.00166667
INFO|2019-11-04 13:48:49,147|pysph.solver.solver|Writing output at time 1.96, iteration 1176, dt = 0.00166667
INFO|2019-11-04 13:51:28,951|pysph.solver.solver|Writing output at time 2.12333, iteration 1274, dt = 0.00166667
INFO|2019-11-04 13:54:00,665|pysph.solver.solver|Writing output at time 2.28667, iteration 1372, dt = 0.00166667
INFO|2019-11-04 13:56:37,537|pysph.solver.solver|Writing output at time 2.45, iteration 1470, dt = 0.00166667
INFO|2019-11-04 13:59:09,041|pysph.solver.solver|Writing output at time 2.61333, iteration 1568, dt = 0.00166667
INFO|2019-11-04 14:01:46,930|pysph.solver.solver|Writing output at time 2.77667, iteration 1666, dt = 0.00166667
INFO|2019-11-04 14:04:27,052|pysph.solver.solver|Writing output at time 2.94, iteration 1764, dt = 0.00166667
INFO|2019-11-04 14:07:13,048|pysph.solver.solver|Writing output at time 3.10333, iteration 1862, dt = 0.00166667
INFO|2019-11-04 14:10:00,242|pysph.solver.solver|Writing output at time 3.26667, iteration 1960, dt = 0.00166667
INFO|2019-11-04 14:12:46,306|pysph.solver.solver|Writing output at time 3.43, iteration 2058, dt = 0.00166667
INFO|2019-11-04 14:15:28,508|pysph.solver.solver|Writing output at time 3.59333, iteration 2156, dt = 0.00166667
INFO|2019-11-04 14:18:05,491|pysph.solver.solver|Writing output at time 3.75667, iteration 2254, dt = 0.00166667
INFO|2019-11-04 14:20:46,667|pysph.solver.solver|Writing output at time 3.92, iteration 2352, dt = 0.00166667
INFO|2019-11-04 14:23:24,161|pysph.solver.solver|Writing output at time 4.08333, iteration 2450, dt = 0.00166667
INFO|2019-11-04 14:25:55,031|pysph.solver.solver|Writing output at time 4.24667, iteration 2548, dt = 0.00166667
INFO|2019-11-04 14:28:25,104|pysph.solver.solver|Writing output at time 4.41, iteration 2646, dt = 0.00166667
INFO|2019-11-04 14:30:54,295|pysph.solver.solver|Writing output at time 4.57333, iteration 2744, dt = 0.00166667
INFO|2019-11-04 14:33:23,554|pysph.solver.solver|Writing output at time 4.73667, iteration 2842, dt = 0.00166667
INFO|2019-11-04 14:35:51,206|pysph.solver.solver|Writing output at time 4.9, iteration 2940, dt = 0.00166667
INFO|2019-11-04 14:38:19,572|pysph.solver.solver|Writing output at time 5.06333, iteration 3038, dt = 0.00166667
INFO|2019-11-04 14:40:47,829|pysph.solver.solver|Writing output at time 5.22667, iteration 3136, dt = 0.00166667
INFO|2019-11-04 14:43:16,484|pysph.solver.solver|Writing output at time 5.39, iteration 3234, dt = 0.00166667
INFO|2019-11-04 14:45:46,210|pysph.solver.solver|Writing output at time 5.55333, iteration 3332, dt = 0.00166667
INFO|2019-11-04 14:48:17,341|pysph.solver.solver|Writing output at time 5.71667, iteration 3430, dt = 0.00166667
INFO|2019-11-04 14:50:49,356|pysph.solver.solver|Writing output at time 5.88, iteration 3528, dt = 0.00166667
INFO|2019-11-04 14:53:21,620|pysph.solver.solver|Writing output at time 6.04333, iteration 3626, dt = 0.00166667
INFO|2019-11-04 14:55:54,442|pysph.solver.solver|Writing output at time 6.20667, iteration 3724, dt = 0.00166667
INFO|2019-11-04 14:58:27,199|pysph.solver.solver|Writing output at time 6.37, iteration 3822, dt = 0.00166667
INFO|2019-11-04 15:00:59,441|pysph.solver.solver|Writing output at time 6.53333, iteration 3920, dt = 0.00166667
INFO|2019-11-04 15:03:29,198|pysph.solver.solver|Writing output at time 6.69667, iteration 4018, dt = 0.00166667
INFO|2019-11-04 15:05:57,528|pysph.solver.solver|Writing output at time 6.86, iteration 4116, dt = 0.00166667
INFO|2019-11-04 15:08:26,266|pysph.solver.solver|Writing output at time 7.02333, iteration 4214, dt = 0.00166667
INFO|2019-11-04 15:10:55,546|pysph.solver.solver|Writing output at time 7.18667, iteration 4312, dt = 0.00166667
INFO|2019-11-04 15:13:25,078|pysph.solver.solver|Writing output at time 7.35, iteration 4410, dt = 0.00166667
INFO|2019-11-04 15:15:55,682|pysph.solver.solver|Writing output at time 7.51333, iteration 4508, dt = 0.00166667
INFO|2019-11-04 15:18:27,851|pysph.solver.solver|Writing output at time 7.67667, iteration 4606, dt = 0.00166667
INFO|2019-11-04 15:21:01,482|pysph.solver.solver|Writing output at time 7.84, iteration 4704, dt = 0.00166667
INFO|2019-11-04 15:23:34,761|pysph.solver.solver|Writing output at time 8.00333, iteration 4802, dt = 0.00166667
INFO|2019-11-04 15:26:07,326|pysph.solver.solver|Writing output at time 8.16667, iteration 4900, dt = 0.00166667
INFO|2019-11-04 15:28:38,965|pysph.solver.solver|Writing output at time 8.33, iteration 4998, dt = 0.00166667
INFO|2019-11-04 15:31:09,486|pysph.solver.solver|Writing output at time 8.49333, iteration 5096, dt = 0.00166667
INFO|2019-11-04 15:33:40,253|pysph.solver.solver|Writing output at time 8.65667, iteration 5194, dt = 0.00166667
INFO|2019-11-04 15:36:10,836|pysph.solver.solver|Writing output at time 8.82, iteration 5292, dt = 0.00166667
INFO|2019-11-04 15:38:41,539|pysph.solver.solver|Writing output at time 8.98333, iteration 5390, dt = 0.00166667
INFO|2019-11-04 15:41:13,184|pysph.solver.solver|Writing output at time 9.14667, iteration 5488, dt = 0.00166667
INFO|2019-11-04 15:43:44,604|pysph.solver.solver|Writing output at time 9.31, iteration 5586, dt = 0.00166667
INFO|2019-11-04 15:46:15,713|pysph.solver.solver|Writing output at time 9.47333, iteration 5684, dt = 0.00166667
INFO|2019-11-04 15:48:45,122|pysph.solver.solver|Writing output at time 9.63667, iteration 5782, dt = 0.00166667
INFO|2019-11-04 15:51:14,553|pysph.solver.solver|Writing output at time 9.8, iteration 5880, dt = 0.00166667
INFO|2019-11-04 15:53:44,586|pysph.solver.solver|Writing output at time 9.96333, iteration 5978, dt = 0.00166667
INFO|2019-11-04 15:56:14,782|pysph.solver.solver|Writing output at time 10.1267, iteration 6076, dt = 0.00166667
INFO|2019-11-04 15:58:45,277|pysph.solver.solver|Writing output at time 10.29, iteration 6174, dt = 0.00166667
INFO|2019-11-04 16:01:15,680|pysph.solver.solver|Writing output at time 10.4533, iteration 6272, dt = 0.00166667
INFO|2019-11-04 16:03:46,144|pysph.solver.solver|Writing output at time 10.6167, iteration 6370, dt = 0.00166667
INFO|2019-11-04 16:06:16,183|pysph.solver.solver|Writing output at time 10.78, iteration 6468, dt = 0.00166667
INFO|2019-11-04 16:08:46,234|pysph.solver.solver|Writing output at time 10.9433, iteration 6566, dt = 0.00166667
INFO|2019-11-04 16:11:17,389|pysph.solver.solver|Writing output at time 11.1067, iteration 6664, dt = 0.00166667
INFO|2019-11-04 16:13:48,627|pysph.solver.solver|Writing output at time 11.27, iteration 6762, dt = 0.00166667
INFO|2019-11-04 16:16:19,284|pysph.solver.solver|Writing output at time 11.4333, iteration 6860, dt = 0.00166667
INFO|2019-11-04 16:18:51,898|pysph.solver.solver|Writing output at time 11.5967, iteration 6958, dt = 0.00166667
INFO|2019-11-04 16:21:25,054|pysph.solver.solver|Writing output at time 11.76, iteration 7056, dt = 0.00166667
INFO|2019-11-04 16:23:58,796|pysph.solver.solver|Writing output at time 11.9233, iteration 7154, dt = 0.00166667
INFO|2019-11-04 16:26:32,864|pysph.solver.solver|Writing output at time 12.0867, iteration 7252, dt = 0.00166667
INFO|2019-11-04 16:29:07,506|pysph.solver.solver|Writing output at time 12.25, iteration 7350, dt = 0.00166667
INFO|2019-11-04 16:31:41,473|pysph.solver.solver|Writing output at time 12.4133, iteration 7448, dt = 0.00166667
INFO|2019-11-04 16:34:15,703|pysph.solver.solver|Writing output at time 12.5767, iteration 7546, dt = 0.00166667
INFO|2019-11-04 16:36:50,050|pysph.solver.solver|Writing output at time 12.74, iteration 7644, dt = 0.00166667
INFO|2019-11-04 16:39:23,177|pysph.solver.solver|Writing output at time 12.9033, iteration 7742, dt = 0.00166667
INFO|2019-11-04 16:41:56,605|pysph.solver.solver|Writing output at time 13.0667, iteration 7840, dt = 0.00166667
INFO|2019-11-04 16:44:30,313|pysph.solver.solver|Writing output at time 13.23, iteration 7938, dt = 0.00166667
INFO|2019-11-04 16:47:04,153|pysph.solver.solver|Writing output at time 13.3933, iteration 8036, dt = 0.00166667
INFO|2019-11-04 16:49:37,225|pysph.solver.solver|Writing output at time 13.5567, iteration 8134, dt = 0.00166667
INFO|2019-11-04 16:52:10,958|pysph.solver.solver|Writing output at time 13.72, iteration 8232, dt = 0.00166667
INFO|2019-11-04 16:54:43,047|pysph.solver.solver|Writing output at time 13.8833, iteration 8330, dt = 0.00166667
INFO|2019-11-04 16:57:15,267|pysph.solver.solver|Writing output at time 14.0467, iteration 8428, dt = 0.00166667
INFO|2019-11-04 16:59:46,749|pysph.solver.solver|Writing output at time 14.21, iteration 8526, dt = 0.00166667
INFO|2019-11-04 17:02:20,573|pysph.solver.solver|Writing output at time 14.3733, iteration 8624, dt = 0.00166667
INFO|2019-11-04 17:04:53,281|pysph.solver.solver|Writing output at time 14.5367, iteration 8722, dt = 0.00166667
INFO|2019-11-04 17:07:26,387|pysph.solver.solver|Writing output at time 14.7, iteration 8820, dt = 0.00166667
INFO|2019-11-04 17:10:05,311|pysph.solver.solver|Writing output at time 14.8633, iteration 8918, dt = 0.00166667
INFO|2019-11-04 17:12:44,740|pysph.solver.solver|Writing output at time 15.0267, iteration 9016, dt = 0.00166667
INFO|2019-11-04 17:15:27,074|pysph.solver.solver|Writing output at time 15.19, iteration 9114, dt = 0.00166667
INFO|2019-11-04 17:17:58,210|pysph.solver.solver|Writing output at time 15.3533, iteration 9212, dt = 0.00166667
INFO|2019-11-04 17:20:29,124|pysph.solver.solver|Writing output at time 15.5167, iteration 9310, dt = 0.00166667
INFO|2019-11-04 17:23:04,892|pysph.solver.solver|Writing output at time 15.68, iteration 9408, dt = 0.00166667
INFO|2019-11-04 17:25:45,717|pysph.solver.solver|Writing output at time 15.8433, iteration 9506, dt = 0.00166667
INFO|2019-11-04 17:28:15,446|pysph.solver.solver|Writing output at time 16.0067, iteration 9604, dt = 0.00166667
INFO|2019-11-04 17:30:48,237|pysph.solver.solver|Writing output at time 16.17, iteration 9702, dt = 0.00166667
INFO|2019-11-04 17:33:20,494|pysph.solver.solver|Writing output at time 16.3333, iteration 9800, dt = 0.00166667
INFO|2019-11-04 17:35:52,876|pysph.solver.solver|Writing output at time 16.4967, iteration 9898, dt = 0.00166667
INFO|2019-11-04 17:38:26,619|pysph.solver.solver|Writing output at time 16.66, iteration 9996, dt = 0.00166667
INFO|2019-11-04 17:40:57,140|pysph.solver.solver|Writing output at time 16.8233, iteration 10094, dt = 0.00166667
INFO|2019-11-04 17:43:27,041|pysph.solver.solver|Writing output at time 16.9867, iteration 10192, dt = 0.00166667
INFO|2019-11-04 17:45:56,457|pysph.solver.solver|Writing output at time 17.15, iteration 10290, dt = 0.00166667
INFO|2019-11-04 17:48:26,132|pysph.solver.solver|Writing output at time 17.3133, iteration 10388, dt = 0.00166667
INFO|2019-11-04 17:50:57,110|pysph.solver.solver|Writing output at time 17.4767, iteration 10486, dt = 0.00166667
INFO|2019-11-04 17:53:31,425|pysph.solver.solver|Writing output at time 17.64, iteration 10584, dt = 0.00166667
INFO|2019-11-04 17:56:05,413|pysph.solver.solver|Writing output at time 17.8033, iteration 10682, dt = 0.00166667
INFO|2019-11-04 17:58:37,908|pysph.solver.solver|Writing output at time 17.9667, iteration 10780, dt = 0.00166667
INFO|2019-11-04 18:01:09,282|pysph.solver.solver|Writing output at time 18.13, iteration 10878, dt = 0.00166667
INFO|2019-11-04 18:03:40,894|pysph.solver.solver|Writing output at time 18.2933, iteration 10976, dt = 0.00166667
INFO|2019-11-04 18:06:12,134|pysph.solver.solver|Writing output at time 18.4567, iteration 11074, dt = 0.00166667
INFO|2019-11-04 18:08:43,907|pysph.solver.solver|Writing output at time 18.62, iteration 11172, dt = 0.00166667
INFO|2019-11-04 18:11:15,491|pysph.solver.solver|Writing output at time 18.7833, iteration 11270, dt = 0.00166667
INFO|2019-11-04 18:13:46,292|pysph.solver.solver|Writing output at time 18.9467, iteration 11368, dt = 0.00166667
INFO|2019-11-04 18:16:17,594|pysph.solver.solver|Writing output at time 19.11, iteration 11466, dt = 0.00166667
INFO|2019-11-04 18:18:48,999|pysph.solver.solver|Writing output at time 19.2733, iteration 11564, dt = 0.00166667
INFO|2019-11-04 18:21:20,890|pysph.solver.solver|Writing output at time 19.4367, iteration 11662, dt = 0.00166667
INFO|2019-11-04 18:23:52,828|pysph.solver.solver|Writing output at time 19.6, iteration 11760, dt = 0.00166667
INFO|2019-11-04 18:26:25,637|pysph.solver.solver|Writing output at time 19.7633, iteration 11858, dt = 0.00166667
INFO|2019-11-04 18:28:57,809|pysph.solver.solver|Writing output at time 19.9267, iteration 11956, dt = 0.00166667
INFO|2019-11-04 18:31:30,066|pysph.solver.solver|Writing output at time 20.09, iteration 12054, dt = 0.00166667
INFO|2019-11-04 18:34:01,878|pysph.solver.solver|Writing output at time 20.2533, iteration 12152, dt = 0.00166667
INFO|2019-11-04 18:36:34,769|pysph.solver.solver|Writing output at time 20.4167, iteration 12250, dt = 0.00166667
INFO|2019-11-04 18:39:07,028|pysph.solver.solver|Writing output at time 20.58, iteration 12348, dt = 0.00166667
INFO|2019-11-04 18:41:38,537|pysph.solver.solver|Writing output at time 20.7433, iteration 12446, dt = 0.00166667
INFO|2019-11-04 18:44:09,184|pysph.solver.solver|Writing output at time 20.9067, iteration 12544, dt = 0.00166667
INFO|2019-11-04 18:46:40,339|pysph.solver.solver|Writing output at time 21.07, iteration 12642, dt = 0.00166667
INFO|2019-11-04 18:49:11,022|pysph.solver.solver|Writing output at time 21.2333, iteration 12740, dt = 0.00166667
INFO|2019-11-04 18:51:42,048|pysph.solver.solver|Writing output at time 21.3967, iteration 12838, dt = 0.00166667
INFO|2019-11-04 18:54:13,368|pysph.solver.solver|Writing output at time 21.56, iteration 12936, dt = 0.00166667
INFO|2019-11-04 18:56:44,746|pysph.solver.solver|Writing output at time 21.7233, iteration 13034, dt = 0.00166667
INFO|2019-11-04 18:59:16,614|pysph.solver.solver|Writing output at time 21.8867, iteration 13132, dt = 0.00166667
INFO|2019-11-04 19:01:49,070|pysph.solver.solver|Writing output at time 22.05, iteration 13230, dt = 0.00166667
INFO|2019-11-04 19:04:20,951|pysph.solver.solver|Writing output at time 22.2133, iteration 13328, dt = 0.00166667
INFO|2019-11-04 19:06:51,170|pysph.solver.solver|Writing output at time 22.3767, iteration 13426, dt = 0.00166667
INFO|2019-11-04 19:09:20,584|pysph.solver.solver|Writing output at time 22.54, iteration 13524, dt = 0.00166667
INFO|2019-11-04 19:11:50,682|pysph.solver.solver|Writing output at time 22.7033, iteration 13622, dt = 0.00166667
INFO|2019-11-04 19:14:21,337|pysph.solver.solver|Writing output at time 22.8667, iteration 13720, dt = 0.00166667
INFO|2019-11-04 19:16:52,945|pysph.solver.solver|Writing output at time 23.03, iteration 13818, dt = 0.00166667
INFO|2019-11-04 19:19:23,368|pysph.solver.solver|Writing output at time 23.1933, iteration 13916, dt = 0.00166667
INFO|2019-11-04 19:21:53,830|pysph.solver.solver|Writing output at time 23.3567, iteration 14014, dt = 0.00166667
INFO|2019-11-04 19:24:23,083|pysph.solver.solver|Writing output at time 23.52, iteration 14112, dt = 0.00166667
INFO|2019-11-04 19:26:51,281|pysph.solver.solver|Writing output at time 23.6833, iteration 14210, dt = 0.00166667
INFO|2019-11-04 19:29:18,230|pysph.solver.solver|Writing output at time 23.8467, iteration 14308, dt = 0.00166667
INFO|2019-11-04 19:31:44,217|pysph.solver.solver|Writing output at time 24.01, iteration 14406, dt = 0.00166667
INFO|2019-11-04 19:34:11,291|pysph.solver.solver|Writing output at time 24.1733, iteration 14504, dt = 0.00166667
INFO|2019-11-04 19:36:38,873|pysph.solver.solver|Writing output at time 24.3367, iteration 14602, dt = 0.00166667
INFO|2019-11-04 19:39:08,388|pysph.solver.solver|Writing output at time 24.5, iteration 14700, dt = 0.00166667
INFO|2019-11-04 19:41:39,366|pysph.solver.solver|Writing output at time 24.6633, iteration 14798, dt = 0.00166667
INFO|2019-11-04 19:44:11,679|pysph.solver.solver|Writing output at time 24.8267, iteration 14896, dt = 0.00166667
INFO|2019-11-04 19:46:43,574|pysph.solver.solver|Writing output at time 24.99, iteration 14994, dt = 0.00166667
INFO|2019-11-04 19:49:14,377|pysph.solver.solver|Writing output at time 25.1533, iteration 15092, dt = 0.00166667
INFO|2019-11-04 19:51:45,601|pysph.solver.solver|Writing output at time 25.3167, iteration 15190, dt = 0.00166667
INFO|2019-11-04 19:54:15,903|pysph.solver.solver|Writing output at time 25.48, iteration 15288, dt = 0.00166667
INFO|2019-11-04 19:56:45,482|pysph.solver.solver|Writing output at time 25.6433, iteration 15386, dt = 0.00166667
INFO|2019-11-04 19:59:15,158|pysph.solver.solver|Writing output at time 25.8067, iteration 15484, dt = 0.00166667
INFO|2019-11-04 20:01:43,905|pysph.solver.solver|Writing output at time 25.97, iteration 15582, dt = 0.00166667
INFO|2019-11-04 20:04:13,521|pysph.solver.solver|Writing output at time 26.1333, iteration 15680, dt = 0.00166667
INFO|2019-11-04 20:06:41,587|pysph.solver.solver|Writing output at time 26.2967, iteration 15778, dt = 0.00166667
INFO|2019-11-04 20:09:09,658|pysph.solver.solver|Writing output at time 26.46, iteration 15876, dt = 0.00166667
INFO|2019-11-04 20:11:38,283|pysph.solver.solver|Writing output at time 26.6233, iteration 15974, dt = 0.00166667
INFO|2019-11-04 20:14:07,210|pysph.solver.solver|Writing output at time 26.7867, iteration 16072, dt = 0.00166667
INFO|2019-11-04 20:16:36,987|pysph.solver.solver|Writing output at time 26.95, iteration 16170, dt = 0.00166667
INFO|2019-11-04 20:19:05,488|pysph.solver.solver|Writing output at time 27.1133, iteration 16268, dt = 0.00166667
INFO|2019-11-04 20:21:34,950|pysph.solver.solver|Writing output at time 27.2767, iteration 16366, dt = 0.00166667
INFO|2019-11-04 20:24:03,979|pysph.solver.solver|Writing output at time 27.44, iteration 16464, dt = 0.00166667
INFO|2019-11-04 20:26:33,774|pysph.solver.solver|Writing output at time 27.6033, iteration 16562, dt = 0.00166667
INFO|2019-11-04 20:29:03,913|pysph.solver.solver|Writing output at time 27.7667, iteration 16660, dt = 0.00166667
INFO|2019-11-04 20:31:34,073|pysph.solver.solver|Writing output at time 27.93, iteration 16758, dt = 0.00166667
INFO|2019-11-04 20:34:05,060|pysph.solver.solver|Writing output at time 28.0933, iteration 16856, dt = 0.00166667
INFO|2019-11-04 20:36:35,328|pysph.solver.solver|Writing output at time 28.2567, iteration 16954, dt = 0.00166667
INFO|2019-11-04 20:39:03,999|pysph.solver.solver|Writing output at time 28.42, iteration 17052, dt = 0.00166667
INFO|2019-11-04 20:41:32,034|pysph.solver.solver|Writing output at time 28.5833, iteration 17150, dt = 0.00166667
INFO|2019-11-04 20:44:00,381|pysph.solver.solver|Writing output at time 28.7467, iteration 17248, dt = 0.00166667
INFO|2019-11-04 20:46:29,008|pysph.solver.solver|Writing output at time 28.91, iteration 17346, dt = 0.00166667
INFO|2019-11-04 20:48:58,509|pysph.solver.solver|Writing output at time 29.0733, iteration 17444, dt = 0.00166667
INFO|2019-11-04 20:51:28,849|pysph.solver.solver|Writing output at time 29.2367, iteration 17542, dt = 0.00166667
INFO|2019-11-04 20:53:58,852|pysph.solver.solver|Writing output at time 29.4, iteration 17640, dt = 0.00166667
INFO|2019-11-04 20:56:28,204|pysph.solver.solver|Writing output at time 29.5633, iteration 17738, dt = 0.00166667
INFO|2019-11-04 20:58:56,954|pysph.solver.solver|Writing output at time 29.7267, iteration 17836, dt = 0.00166667
INFO|2019-11-04 21:01:28,369|pysph.solver.solver|Writing output at time 29.89, iteration 17934, dt = 0.00166667
INFO|2019-11-04 21:03:56,411|pysph.solver.solver|Writing output at time 30.0533, iteration 18032, dt = 0.00166667
INFO|2019-11-04 21:06:24,768|pysph.solver.solver|Writing output at time 30.2167, iteration 18130, dt = 0.00166667
INFO|2019-11-04 21:08:54,142|pysph.solver.solver|Writing output at time 30.38, iteration 18228, dt = 0.00166667
INFO|2019-11-04 21:11:24,443|pysph.solver.solver|Writing output at time 30.5433, iteration 18326, dt = 0.00166667
INFO|2019-11-04 21:13:56,695|pysph.solver.solver|Writing output at time 30.7067, iteration 18424, dt = 0.00166667
INFO|2019-11-04 21:16:30,108|pysph.solver.solver|Writing output at time 30.87, iteration 18522, dt = 0.00166667
INFO|2019-11-04 21:19:04,155|pysph.solver.solver|Writing output at time 31.0333, iteration 18620, dt = 0.00166667
INFO|2019-11-04 21:21:38,283|pysph.solver.solver|Writing output at time 31.1967, iteration 18718, dt = 0.00166667
INFO|2019-11-04 21:24:10,417|pysph.solver.solver|Writing output at time 31.36, iteration 18816, dt = 0.00166667
INFO|2019-11-04 21:26:41,373|pysph.solver.solver|Writing output at time 31.5233, iteration 18914, dt = 0.00166667
INFO|2019-11-04 21:29:09,736|pysph.solver.solver|Writing output at time 31.6867, iteration 19012, dt = 0.00166667
INFO|2019-11-04 21:31:37,624|pysph.solver.solver|Writing output at time 31.85, iteration 19110, dt = 0.00166667
INFO|2019-11-04 21:34:01,984|pysph.solver.solver|Writing output at time 32.0133, iteration 19208, dt = 0.00166667
INFO|2019-11-04 21:36:27,279|pysph.solver.solver|Writing output at time 32.1767, iteration 19306, dt = 0.00166667
INFO|2019-11-04 21:38:53,730|pysph.solver.solver|Writing output at time 32.34, iteration 19404, dt = 0.00166667
INFO|2019-11-04 21:41:21,367|pysph.solver.solver|Writing output at time 32.5033, iteration 19502, dt = 0.00166667
INFO|2019-11-04 21:43:50,284|pysph.solver.solver|Writing output at time 32.6667, iteration 19600, dt = 0.00166667
INFO|2019-11-04 21:43:56,899|pysph.solver.solver|Writing output at time 32.6726, iteration 19604, dt = 0.000896931
INFO|2019-11-04 21:43:57,425|pysph.solver.application|Run took: 30350.83010 secs
