INFO|2019-07-11 02:50:30,333|pysph.solver.application|Running on ubuntu-opsi with address 127.0.1.1
INFO|2019-07-11 02:50:30,385|pysph.solver.application|Generating output in /home/ubuntu-vm/rve_output
INFO|2019-07-11 02:50:30,786|pysph.solver.application|No of particles:
----------------------------------------------------------------------
  fluid: 3370
  fibers: 5
----------------------------------------------------------------------
INFO|2019-07-11 02:50:30,786|pysph.solver.application|Using kernel:
----------------------------------------------------------------------
  QuinticSpline(dim=3)
----------------------------------------------------------------------
INFO|2019-07-11 02:50:30,786|pysph.solver.application|Using nnps:
----------------------------------------------------------------------
  LinkedListNNPS(dim=3)
----------------------------------------------------------------------
INFO|2019-07-11 02:50:30,786|pysph.solver.application|Using integrator:
----------------------------------------------------------------------
  EPECIntegrator(fluid=TransportVelocityStep(), fibers=TransportVelocityStep())
----------------------------------------------------------------------
INFO|2019-07-11 02:50:30,787|pysph.solver.application|Using equations:
----------------------------------------------------------------------
[
Group(equations=[
SummationDensity(dest='fluid', sources=['fluid', 'fibers']),
EBGVelocityReset(dest='fibers', sources=None, velocity_correction=False),
SummationDensity(dest='fibers', sources=['fluid', 'fibers'])
    ],
    real=False, update_nnps=False, iterate=False, max_iterations=1, min_iterations=0, pre=None, post=None),
Group(equations=[
StateEquation(dest='fluid', sources=None, p0=22679.999999999993, rho0=37024793.388429746, b=1.0),
StateEquation(dest='fibers', sources=None, p0=22679.999999999993, rho0=37024793.388429746, b=1.0)
    ],
    real=False, update_nnps=False, iterate=False, max_iterations=1, min_iterations=0, pre=None, post=None),
Group(equations=[

    ],
    real=False, update_nnps=False, iterate=False, max_iterations=1, min_iterations=0, pre=None, post=None),
Group(equations=[
ComputeDistance(dest='fibers', sources=['fibers']),
VelocityGradient(dest='fibers', sources=['fluid', 'fibers'])
    ],
    real=True, update_nnps=False, iterate=False, max_iterations=1, min_iterations=0, pre=None, post=None),
Group(equations=[
MomentumEquationPressureGradient(dest='fluid', sources=['fluid', 'fibers'], pb=22679.999999999993, gx=0.0, gy=0.0, gz=0.0, tdamp=0.0),
MomentumEquationViscosity(dest='fluid', sources=['fluid', 'fibers'], nu=1.7015625000000003e-06),
MomentumEquationArtificialStress(dest='fluid', sources=['fluid', 'fibers']),
MomentumEquationPressureGradient(dest='fibers', sources=['fluid', 'fibers'], pb=0.0, gx=0.0, gy=0.0, gz=0.0, tdamp=0.0),
MomentumEquationViscosity(dest='fibers', sources=['fluid', 'fibers'], nu=1.7015625000000003e-06),
MomentumEquationArtificialStress(dest='fibers', sources=['fluid', 'fibers']),
Friction(dest='fibers', sources=None, J=7.088056152314162e-13, A=7.853981633974483e-09, mu=63.0, d=0.0001, ar=0.0)
    ],
    real=True, update_nnps=False, iterate=False, max_iterations=1, min_iterations=0, pre=None, post=None),
Group(equations=[
HoldPoints(dest='fibers', sources=None, tag=100, x=True, y=True, z=True)
    ],
    real=True, update_nnps=False, iterate=False, max_iterations=1, min_iterations=0, pre=None, post=None)
]
----------------------------------------------------------------------
INFO|2019-07-11 02:50:30,815|pysph.solver.application|started multiprocessing interface on ('0.0.0.0', 8800)
INFO|2019-07-11 02:50:31,166|pysph.solver.application|Setup took: 0.84593 secs
INFO|2019-07-11 02:50:31,166|pysph.solver.solver|Writing output at time 0, iteration 0, dt = 0.000734619
INFO|2019-07-11 02:53:07,597|pysph.solver.application|Running on ubuntu-opsi with address 127.0.1.1
INFO|2019-07-11 02:53:07,646|pysph.solver.application|Generating output in /home/ubuntu-vm/rve_output
INFO|2019-07-11 02:53:08,051|pysph.solver.application|No of particles:
----------------------------------------------------------------------
  fluid: 3370
  fibers: 5
----------------------------------------------------------------------
INFO|2019-07-11 02:53:08,051|pysph.solver.application|Using kernel:
----------------------------------------------------------------------
  QuinticSpline(dim=3)
----------------------------------------------------------------------
INFO|2019-07-11 02:53:08,052|pysph.solver.application|Using nnps:
----------------------------------------------------------------------
  LinkedListNNPS(dim=3)
----------------------------------------------------------------------
INFO|2019-07-11 02:53:08,052|pysph.solver.application|Using integrator:
----------------------------------------------------------------------
  EPECIntegrator(fluid=TransportVelocityStep(), fibers=TransportVelocityStep())
----------------------------------------------------------------------
INFO|2019-07-11 02:53:08,053|pysph.solver.application|Using equations:
----------------------------------------------------------------------
[
Group(equations=[
SummationDensity(dest='fluid', sources=['fluid', 'fibers']),
EBGVelocityReset(dest='fibers', sources=None, velocity_correction=False),
SummationDensity(dest='fibers', sources=['fluid', 'fibers'])
    ],
    real=False, update_nnps=False, iterate=False, max_iterations=1, min_iterations=0, pre=None, post=None),
Group(equations=[
StateEquation(dest='fluid', sources=None, p0=45359.999999999985, rho0=74049586.77685949, b=1.0),
StateEquation(dest='fibers', sources=None, p0=45359.999999999985, rho0=74049586.77685949, b=1.0)
    ],
    real=False, update_nnps=False, iterate=False, max_iterations=1, min_iterations=0, pre=None, post=None),
Group(equations=[

    ],
    real=False, update_nnps=False, iterate=False, max_iterations=1, min_iterations=0, pre=None, post=None),
Group(equations=[
ComputeDistance(dest='fibers', sources=['fibers']),
VelocityGradient(dest='fibers', sources=['fluid', 'fibers'])
    ],
    real=True, update_nnps=False, iterate=False, max_iterations=1, min_iterations=0, pre=None, post=None),
Group(equations=[
MomentumEquationPressureGradient(dest='fluid', sources=['fluid', 'fibers'], pb=45359.999999999985, gx=0.0, gy=0.0, gz=0.0, tdamp=0.0),
MomentumEquationViscosity(dest='fluid', sources=['fluid', 'fibers'], nu=8.507812500000001e-07),
MomentumEquationArtificialStress(dest='fluid', sources=['fluid', 'fibers']),
MomentumEquationPressureGradient(dest='fibers', sources=['fluid', 'fibers'], pb=0.0, gx=0.0, gy=0.0, gz=0.0, tdamp=0.0),
MomentumEquationViscosity(dest='fibers', sources=['fluid', 'fibers'], nu=8.507812500000001e-07),
MomentumEquationArtificialStress(dest='fibers', sources=['fluid', 'fibers']),
Friction(dest='fibers', sources=None, J=1.4176112304628324e-12, A=7.853981633974483e-09, mu=63.0, d=0.0001, ar=0.0)
    ],
    real=True, update_nnps=False, iterate=False, max_iterations=1, min_iterations=0, pre=None, post=None),
Group(equations=[
HoldPoints(dest='fibers', sources=None, tag=100, x=True, y=True, z=True)
    ],
    real=True, update_nnps=False, iterate=False, max_iterations=1, min_iterations=0, pre=None, post=None)
]
----------------------------------------------------------------------
INFO|2019-07-11 02:53:08,081|pysph.solver.application|started multiprocessing interface on ('0.0.0.0', 8800)
INFO|2019-07-11 02:53:47,967|pysph.solver.application|Running on ubuntu-opsi with address 127.0.1.1
INFO|2019-07-11 02:53:48,023|pysph.solver.application|Generating output in /home/ubuntu-vm/rve_output
INFO|2019-07-11 02:53:48,419|pysph.solver.application|No of particles:
----------------------------------------------------------------------
  fluid: 3370
  fibers: 5
----------------------------------------------------------------------
INFO|2019-07-11 02:53:48,419|pysph.solver.application|Using kernel:
----------------------------------------------------------------------
  QuinticSpline(dim=3)
----------------------------------------------------------------------
INFO|2019-07-11 02:53:48,419|pysph.solver.application|Using nnps:
----------------------------------------------------------------------
  LinkedListNNPS(dim=3)
----------------------------------------------------------------------
INFO|2019-07-11 02:53:48,419|pysph.solver.application|Using integrator:
----------------------------------------------------------------------
  EPECIntegrator(fluid=TransportVelocityStep(), fibers=TransportVelocityStep())
----------------------------------------------------------------------
INFO|2019-07-11 02:53:48,420|pysph.solver.application|Using equations:
----------------------------------------------------------------------
[
Group(equations=[
SummationDensity(dest='fluid', sources=['fluid', 'fibers']),
EBGVelocityReset(dest='fibers', sources=None, velocity_correction=False),
SummationDensity(dest='fibers', sources=['fluid', 'fibers'])
    ],
    real=False, update_nnps=False, iterate=False, max_iterations=1, min_iterations=0, pre=None, post=None),
Group(equations=[
StateEquation(dest='fluid', sources=None, p0=45359.999999999985, rho0=74049586.77685949, b=1.0),
StateEquation(dest='fibers', sources=None, p0=45359.999999999985, rho0=74049586.77685949, b=1.0)
    ],
    real=False, update_nnps=False, iterate=False, max_iterations=1, min_iterations=0, pre=None, post=None),
Group(equations=[

    ],
    real=False, update_nnps=False, iterate=False, max_iterations=1, min_iterations=0, pre=None, post=None),
Group(equations=[
ComputeDistance(dest='fibers', sources=['fibers']),
VelocityGradient(dest='fibers', sources=['fluid', 'fibers'])
    ],
    real=True, update_nnps=False, iterate=False, max_iterations=1, min_iterations=0, pre=None, post=None),
Group(equations=[
MomentumEquationPressureGradient(dest='fluid', sources=['fluid', 'fibers'], pb=45359.999999999985, gx=0.0, gy=0.0, gz=0.0, tdamp=0.0),
MomentumEquationViscosity(dest='fluid', sources=['fluid', 'fibers'], nu=8.507812500000001e-07),
MomentumEquationArtificialStress(dest='fluid', sources=['fluid', 'fibers']),
MomentumEquationPressureGradient(dest='fibers', sources=['fluid', 'fibers'], pb=0.0, gx=0.0, gy=0.0, gz=0.0, tdamp=0.0),
MomentumEquationViscosity(dest='fibers', sources=['fluid', 'fibers'], nu=8.507812500000001e-07),
MomentumEquationArtificialStress(dest='fibers', sources=['fluid', 'fibers']),
Friction(dest='fibers', sources=None, J=1.4176112304628324e-12, A=7.853981633974483e-09, mu=63.0, d=0.0001, ar=0.0)
    ],
    real=True, update_nnps=False, iterate=False, max_iterations=1, min_iterations=0, pre=None, post=None),
Group(equations=[
HoldPoints(dest='fibers', sources=None, tag=100, x=True, y=True, z=True)
    ],
    real=True, update_nnps=False, iterate=False, max_iterations=1, min_iterations=0, pre=None, post=None)
]
----------------------------------------------------------------------
INFO|2019-07-11 02:53:48,448|pysph.solver.application|started multiprocessing interface on ('0.0.0.0', 8801)
INFO|2019-07-11 02:53:48,790|pysph.solver.application|Setup took: 0.83574 secs
INFO|2019-07-11 02:53:48,790|pysph.solver.solver|Writing output at time 0, iteration 0, dt = 0.00146924
INFO|2019-07-11 02:54:30,186|pysph.solver.solver|Writing output at time 0.0484848, iteration 33, dt = 0.00146924
INFO|2019-07-11 02:55:13,537|pysph.solver.solver|Writing output at time 0.0969697, iteration 66, dt = 0.00146924
INFO|2019-07-11 02:55:52,220|pysph.solver.solver|Writing output at time 0.145455, iteration 99, dt = 0.00146924
INFO|2019-07-11 02:56:23,782|pysph.solver.solver|Writing output at time 0.193939, iteration 132, dt = 0.00146924
INFO|2019-07-11 02:56:53,981|pysph.solver.solver|Writing output at time 0.242424, iteration 165, dt = 0.00146924
INFO|2019-07-11 02:57:24,075|pysph.solver.solver|Writing output at time 0.290909, iteration 198, dt = 0.00146924
INFO|2019-07-11 02:57:54,475|pysph.solver.solver|Writing output at time 0.339394, iteration 231, dt = 0.00146924
INFO|2019-07-11 02:58:24,619|pysph.solver.solver|Writing output at time 0.387879, iteration 264, dt = 0.00146924
INFO|2019-07-11 02:58:57,038|pysph.solver.solver|Writing output at time 0.436364, iteration 297, dt = 0.00146924
INFO|2019-07-11 02:59:33,732|pysph.solver.solver|Writing output at time 0.484848, iteration 330, dt = 0.00146924
INFO|2019-07-11 03:00:12,709|pysph.solver.solver|Writing output at time 0.533333, iteration 363, dt = 0.00146924
INFO|2019-07-11 03:00:54,330|pysph.solver.solver|Writing output at time 0.581818, iteration 396, dt = 0.00146924
INFO|2019-07-11 03:01:37,001|pysph.solver.solver|Writing output at time 0.630303, iteration 429, dt = 0.00146924
INFO|2019-07-11 03:02:19,167|pysph.solver.solver|Writing output at time 0.678788, iteration 462, dt = 0.00146924
INFO|2019-07-11 03:02:58,049|pysph.solver.solver|Writing output at time 0.727273, iteration 495, dt = 0.00146924
INFO|2019-07-11 03:03:33,865|pysph.solver.solver|Writing output at time 0.775758, iteration 528, dt = 0.00146924
INFO|2019-07-11 03:04:06,396|pysph.solver.solver|Writing output at time 0.824242, iteration 561, dt = 0.00146924
INFO|2019-07-11 03:04:36,366|pysph.solver.solver|Writing output at time 0.872727, iteration 594, dt = 0.00146924
INFO|2019-07-11 03:05:03,544|pysph.solver.solver|Writing output at time 0.921212, iteration 627, dt = 0.00146924
INFO|2019-07-11 03:05:30,828|pysph.solver.solver|Writing output at time 0.969697, iteration 660, dt = 0.00146924
INFO|2019-07-11 03:06:00,690|pysph.solver.solver|Writing output at time 1.01818, iteration 693, dt = 0.00146924
INFO|2019-07-11 03:06:31,297|pysph.solver.solver|Writing output at time 1.06667, iteration 726, dt = 0.00146924
INFO|2019-07-11 03:07:06,368|pysph.solver.solver|Writing output at time 1.11515, iteration 759, dt = 0.00146924
INFO|2019-07-11 03:07:43,729|pysph.solver.solver|Writing output at time 1.16364, iteration 792, dt = 0.00146924
INFO|2019-07-11 03:08:21,596|pysph.solver.solver|Writing output at time 1.21212, iteration 825, dt = 0.00146924
INFO|2019-07-11 03:08:59,838|pysph.solver.solver|Writing output at time 1.26061, iteration 858, dt = 0.00146924
INFO|2019-07-11 03:09:36,990|pysph.solver.solver|Writing output at time 1.30909, iteration 891, dt = 0.00146924
INFO|2019-07-11 03:10:12,579|pysph.solver.solver|Writing output at time 1.35758, iteration 924, dt = 0.00146924
INFO|2019-07-11 03:10:44,690|pysph.solver.solver|Writing output at time 1.40606, iteration 957, dt = 0.00146924
INFO|2019-07-11 03:11:15,841|pysph.solver.solver|Writing output at time 1.45455, iteration 990, dt = 0.00146924
INFO|2019-07-11 03:11:45,927|pysph.solver.solver|Writing output at time 1.50303, iteration 1023, dt = 0.00146924
INFO|2019-07-11 03:12:14,108|pysph.solver.solver|Writing output at time 1.55152, iteration 1056, dt = 0.00146924
INFO|2019-07-11 03:12:44,081|pysph.solver.solver|Writing output at time 1.6, iteration 1089, dt = 0.00146924
INFO|2019-07-11 03:13:14,585|pysph.solver.solver|Writing output at time 1.64848, iteration 1122, dt = 0.00146924
INFO|2019-07-11 03:13:48,009|pysph.solver.solver|Writing output at time 1.69697, iteration 1155, dt = 0.00146924
INFO|2019-07-11 03:14:23,511|pysph.solver.solver|Writing output at time 1.74545, iteration 1188, dt = 0.00146924
INFO|2019-07-11 03:15:00,527|pysph.solver.solver|Writing output at time 1.79394, iteration 1221, dt = 0.00146924
INFO|2019-07-11 03:15:37,391|pysph.solver.solver|Writing output at time 1.84242, iteration 1254, dt = 0.00146924
INFO|2019-07-11 03:16:16,280|pysph.solver.solver|Writing output at time 1.89091, iteration 1287, dt = 0.00146924
INFO|2019-07-11 03:16:54,818|pysph.solver.solver|Writing output at time 1.93939, iteration 1320, dt = 0.00146924
INFO|2019-07-11 03:17:31,036|pysph.solver.solver|Writing output at time 1.98788, iteration 1353, dt = 0.00146924
INFO|2019-07-11 03:18:06,047|pysph.solver.solver|Writing output at time 2.03636, iteration 1386, dt = 0.00146924
INFO|2019-07-11 03:18:40,391|pysph.solver.solver|Writing output at time 2.08485, iteration 1419, dt = 0.00146924
INFO|2019-07-11 03:19:12,990|pysph.solver.solver|Writing output at time 2.13333, iteration 1452, dt = 0.00146924
INFO|2019-07-11 03:19:45,892|pysph.solver.solver|Writing output at time 2.18182, iteration 1485, dt = 0.00146924
INFO|2019-07-11 03:20:21,924|pysph.solver.solver|Writing output at time 2.2303, iteration 1518, dt = 0.00146924
INFO|2019-07-11 03:21:37,192|pysph.solver.solver|Writing output at time 2.27879, iteration 1551, dt = 0.00146924
INFO|2019-07-11 03:22:15,174|pysph.solver.solver|Writing output at time 2.32727, iteration 1584, dt = 0.00146924
INFO|2019-07-11 03:22:54,339|pysph.solver.solver|Writing output at time 2.37576, iteration 1617, dt = 0.00146924
INFO|2019-07-11 03:23:31,039|pysph.solver.solver|Writing output at time 2.42424, iteration 1650, dt = 0.00146924
INFO|2019-07-11 03:24:08,049|pysph.solver.solver|Writing output at time 2.47273, iteration 1683, dt = 0.00146924
INFO|2019-07-11 03:24:46,820|pysph.solver.solver|Writing output at time 2.52121, iteration 1716, dt = 0.00146924
INFO|2019-07-11 03:25:25,314|pysph.solver.solver|Writing output at time 2.5697, iteration 1749, dt = 0.00146924
INFO|2019-07-11 03:26:02,973|pysph.solver.solver|Writing output at time 2.61818, iteration 1782, dt = 0.00146924
INFO|2019-07-11 03:26:39,521|pysph.solver.solver|Writing output at time 2.66667, iteration 1815, dt = 0.00146924
INFO|2019-07-11 03:27:13,072|pysph.solver.solver|Writing output at time 2.71515, iteration 1848, dt = 0.00146924
INFO|2019-07-11 03:27:44,798|pysph.solver.solver|Writing output at time 2.76364, iteration 1881, dt = 0.00146924
INFO|2019-07-11 03:28:20,535|pysph.solver.solver|Writing output at time 2.81212, iteration 1914, dt = 0.00146924
INFO|2019-07-11 03:28:57,593|pysph.solver.solver|Writing output at time 2.86061, iteration 1947, dt = 0.00146924
INFO|2019-07-11 03:29:34,482|pysph.solver.solver|Writing output at time 2.90909, iteration 1980, dt = 0.00146924
INFO|2019-07-11 03:30:11,474|pysph.solver.solver|Writing output at time 2.95758, iteration 2013, dt = 0.00146924
INFO|2019-07-11 03:30:48,178|pysph.solver.solver|Writing output at time 3.00606, iteration 2046, dt = 0.00146924
INFO|2019-07-11 03:31:22,747|pysph.solver.solver|Writing output at time 3.05455, iteration 2079, dt = 0.00146924
INFO|2019-07-11 03:31:59,010|pysph.solver.solver|Writing output at time 3.10303, iteration 2112, dt = 0.00146924
INFO|2019-07-11 03:32:36,652|pysph.solver.solver|Writing output at time 3.15152, iteration 2145, dt = 0.00146924
INFO|2019-07-11 03:33:14,760|pysph.solver.solver|Writing output at time 3.2, iteration 2178, dt = 0.00146924
INFO|2019-07-11 03:33:53,777|pysph.solver.solver|Writing output at time 3.24848, iteration 2211, dt = 0.00146924
INFO|2019-07-11 03:34:28,743|pysph.solver.solver|Writing output at time 3.29697, iteration 2244, dt = 0.00146924
INFO|2019-07-11 03:35:04,984|pysph.solver.solver|Writing output at time 3.34545, iteration 2277, dt = 0.00146924
INFO|2019-07-11 03:35:40,311|pysph.solver.solver|Writing output at time 3.39394, iteration 2310, dt = 0.00146924
INFO|2019-07-11 03:36:18,325|pysph.solver.solver|Writing output at time 3.44242, iteration 2343, dt = 0.00146924
INFO|2019-07-11 03:36:56,826|pysph.solver.solver|Writing output at time 3.49091, iteration 2376, dt = 0.00146924
INFO|2019-07-11 03:37:34,682|pysph.solver.solver|Writing output at time 3.53939, iteration 2409, dt = 0.00146924
INFO|2019-07-11 03:38:11,032|pysph.solver.solver|Writing output at time 3.58788, iteration 2442, dt = 0.00146924
INFO|2019-07-11 03:38:46,025|pysph.solver.solver|Writing output at time 3.63636, iteration 2475, dt = 0.00146924
INFO|2019-07-11 03:39:20,843|pysph.solver.solver|Writing output at time 3.68485, iteration 2508, dt = 0.00146924
INFO|2019-07-11 03:39:57,139|pysph.solver.solver|Writing output at time 3.73333, iteration 2541, dt = 0.00146924
INFO|2019-07-11 03:40:35,359|pysph.solver.solver|Writing output at time 3.78182, iteration 2574, dt = 0.00146924
INFO|2019-07-11 03:41:13,315|pysph.solver.solver|Writing output at time 3.8303, iteration 2607, dt = 0.00146924
INFO|2019-07-11 03:41:52,564|pysph.solver.solver|Writing output at time 3.87879, iteration 2640, dt = 0.00146924
INFO|2019-07-11 03:42:30,163|pysph.solver.solver|Writing output at time 3.92727, iteration 2673, dt = 0.00146924
INFO|2019-07-11 03:43:07,085|pysph.solver.solver|Writing output at time 3.97576, iteration 2706, dt = 0.00146924
INFO|2019-07-11 03:43:46,055|pysph.solver.solver|Writing output at time 4.02424, iteration 2739, dt = 0.00146924
INFO|2019-07-11 03:44:25,150|pysph.solver.solver|Writing output at time 4.07273, iteration 2772, dt = 0.00146924
INFO|2019-07-11 03:45:02,258|pysph.solver.solver|Writing output at time 4.12121, iteration 2805, dt = 0.00146924
INFO|2019-07-11 03:45:37,608|pysph.solver.solver|Writing output at time 4.1697, iteration 2838, dt = 0.00146924
INFO|2019-07-11 03:46:12,075|pysph.solver.solver|Writing output at time 4.21818, iteration 2871, dt = 0.00146924
INFO|2019-07-11 03:46:45,528|pysph.solver.solver|Writing output at time 4.26667, iteration 2904, dt = 0.00146924
INFO|2019-07-11 03:47:19,858|pysph.solver.solver|Writing output at time 4.31515, iteration 2937, dt = 0.00146924
INFO|2019-07-11 03:47:55,279|pysph.solver.solver|Writing output at time 4.36364, iteration 2970, dt = 0.00146924
INFO|2019-07-11 03:48:31,802|pysph.solver.solver|Writing output at time 4.41212, iteration 3003, dt = 0.00146924
INFO|2019-07-11 03:49:10,348|pysph.solver.solver|Writing output at time 4.46061, iteration 3036, dt = 0.00146924
INFO|2019-07-11 03:49:49,010|pysph.solver.solver|Writing output at time 4.50909, iteration 3069, dt = 0.00146924
INFO|2019-07-11 03:50:24,359|pysph.solver.solver|Writing output at time 4.55758, iteration 3102, dt = 0.00146924
INFO|2019-07-11 03:51:00,441|pysph.solver.solver|Writing output at time 4.60606, iteration 3135, dt = 0.00146924
INFO|2019-07-11 03:51:37,812|pysph.solver.solver|Writing output at time 4.65455, iteration 3168, dt = 0.00146924
INFO|2019-07-11 03:52:16,931|pysph.solver.solver|Writing output at time 4.70303, iteration 3201, dt = 0.00146924
INFO|2019-07-11 03:52:53,476|pysph.solver.solver|Writing output at time 4.75152, iteration 3234, dt = 0.00146924
INFO|2019-07-11 03:53:26,890|pysph.solver.solver|Writing output at time 4.8, iteration 3267, dt = 0.00146924
INFO|2019-07-11 03:53:59,025|pysph.solver.solver|Writing output at time 4.84848, iteration 3300, dt = 0.00146924
INFO|2019-07-11 03:54:31,234|pysph.solver.solver|Writing output at time 4.89697, iteration 3333, dt = 0.00146924
INFO|2019-07-11 03:55:04,228|pysph.solver.solver|Writing output at time 4.94545, iteration 3366, dt = 0.00146924
INFO|2019-07-11 03:55:37,938|pysph.solver.solver|Writing output at time 4.99394, iteration 3399, dt = 0.00146924
INFO|2019-07-11 03:56:14,334|pysph.solver.solver|Writing output at time 5.04242, iteration 3432, dt = 0.00146924
INFO|2019-07-11 03:56:54,200|pysph.solver.solver|Writing output at time 5.09091, iteration 3465, dt = 0.00146924
INFO|2019-07-11 03:57:34,280|pysph.solver.solver|Writing output at time 5.13939, iteration 3498, dt = 0.00146924
INFO|2019-07-11 03:58:15,373|pysph.solver.solver|Writing output at time 5.18788, iteration 3531, dt = 0.00146924
INFO|2019-07-11 03:58:56,434|pysph.solver.solver|Writing output at time 5.23636, iteration 3564, dt = 0.00146924
INFO|2019-07-11 03:59:34,447|pysph.solver.solver|Writing output at time 5.28485, iteration 3597, dt = 0.00146924
INFO|2019-07-11 04:00:08,952|pysph.solver.solver|Writing output at time 5.33333, iteration 3630, dt = 0.00146924
INFO|2019-07-11 04:00:41,344|pysph.solver.solver|Writing output at time 5.38182, iteration 3663, dt = 0.00146924
INFO|2019-07-11 04:01:10,964|pysph.solver.solver|Writing output at time 5.4303, iteration 3696, dt = 0.00146924
INFO|2019-07-11 04:01:40,537|pysph.solver.solver|Writing output at time 5.47879, iteration 3729, dt = 0.00146924
INFO|2019-07-11 04:02:10,173|pysph.solver.solver|Writing output at time 5.52727, iteration 3762, dt = 0.00146924
INFO|2019-07-11 04:02:42,206|pysph.solver.solver|Writing output at time 5.57576, iteration 3795, dt = 0.00146924
INFO|2019-07-11 04:03:18,403|pysph.solver.solver|Writing output at time 5.62424, iteration 3828, dt = 0.00146924
INFO|2019-07-11 04:03:56,873|pysph.solver.solver|Writing output at time 5.67273, iteration 3861, dt = 0.00146924
INFO|2019-07-11 04:04:35,746|pysph.solver.solver|Writing output at time 5.72121, iteration 3894, dt = 0.00146924
INFO|2019-07-11 04:05:18,205|pysph.solver.solver|Writing output at time 5.7697, iteration 3927, dt = 0.00146924
INFO|2019-07-11 04:05:59,556|pysph.solver.solver|Writing output at time 5.81818, iteration 3960, dt = 0.00146924
INFO|2019-07-11 04:06:36,479|pysph.solver.solver|Writing output at time 5.86667, iteration 3993, dt = 0.00146924
INFO|2019-07-11 04:07:14,593|pysph.solver.solver|Writing output at time 5.91515, iteration 4026, dt = 0.00146924
INFO|2019-07-11 04:07:48,335|pysph.solver.solver|Writing output at time 5.96364, iteration 4059, dt = 0.00146924
INFO|2019-07-11 04:08:20,328|pysph.solver.solver|Writing output at time 6.01212, iteration 4092, dt = 0.00146924
INFO|2019-07-11 04:08:50,707|pysph.solver.solver|Writing output at time 6.06061, iteration 4125, dt = 0.00146924
INFO|2019-07-11 04:09:20,957|pysph.solver.solver|Writing output at time 6.10909, iteration 4158, dt = 0.00146924
INFO|2019-07-11 04:09:53,274|pysph.solver.solver|Writing output at time 6.15758, iteration 4191, dt = 0.00146924
INFO|2019-07-11 04:10:27,293|pysph.solver.solver|Writing output at time 6.20606, iteration 4224, dt = 0.00146924
INFO|2019-07-11 04:11:06,421|pysph.solver.solver|Writing output at time 6.25455, iteration 4257, dt = 0.00146924
INFO|2019-07-11 04:11:44,647|pysph.solver.solver|Writing output at time 6.30303, iteration 4290, dt = 0.00146924
INFO|2019-07-11 04:12:25,172|pysph.solver.solver|Writing output at time 6.35152, iteration 4323, dt = 0.00146924
INFO|2019-07-11 04:13:07,695|pysph.solver.solver|Writing output at time 6.4, iteration 4356, dt = 0.00146924
INFO|2019-07-11 04:13:45,315|pysph.solver.solver|Writing output at time 6.44848, iteration 4389, dt = 0.00146924
INFO|2019-07-11 04:14:24,478|pysph.solver.solver|Writing output at time 6.49697, iteration 4422, dt = 0.00146924
INFO|2019-07-11 04:15:01,234|pysph.solver.solver|Writing output at time 6.54545, iteration 4455, dt = 0.00146924
INFO|2019-07-11 04:15:34,549|pysph.solver.solver|Writing output at time 6.59394, iteration 4488, dt = 0.00146924
INFO|2019-07-11 04:16:05,327|pysph.solver.solver|Writing output at time 6.64242, iteration 4521, dt = 0.00146924
INFO|2019-07-11 04:16:35,559|pysph.solver.solver|Writing output at time 6.69091, iteration 4554, dt = 0.00146924
INFO|2019-07-11 04:17:06,171|pysph.solver.solver|Writing output at time 6.73939, iteration 4587, dt = 0.00146924
INFO|2019-07-11 04:17:38,921|pysph.solver.solver|Writing output at time 6.78788, iteration 4620, dt = 0.00146924
INFO|2019-07-11 04:18:15,367|pysph.solver.solver|Writing output at time 6.83636, iteration 4653, dt = 0.00146924
INFO|2019-07-11 04:18:54,670|pysph.solver.solver|Writing output at time 6.88485, iteration 4686, dt = 0.00146924
INFO|2019-07-11 04:19:37,798|pysph.solver.solver|Writing output at time 6.93333, iteration 4719, dt = 0.00146924
INFO|2019-07-11 04:20:22,881|pysph.solver.solver|Writing output at time 6.98182, iteration 4752, dt = 0.00146924
INFO|2019-07-11 04:21:04,519|pysph.solver.solver|Writing output at time 7.0303, iteration 4785, dt = 0.00146924
INFO|2019-07-11 04:21:44,003|pysph.solver.solver|Writing output at time 7.07879, iteration 4818, dt = 0.00146924
INFO|2019-07-11 04:22:22,398|pysph.solver.solver|Writing output at time 7.12727, iteration 4851, dt = 0.00146924
INFO|2019-07-11 04:22:55,861|pysph.solver.solver|Writing output at time 7.17576, iteration 4884, dt = 0.00146924
INFO|2019-07-11 04:23:26,778|pysph.solver.solver|Writing output at time 7.22424, iteration 4917, dt = 0.00146924
INFO|2019-07-11 04:23:57,028|pysph.solver.solver|Writing output at time 7.27273, iteration 4950, dt = 0.00146924
INFO|2019-07-11 04:24:27,287|pysph.solver.solver|Writing output at time 7.32121, iteration 4983, dt = 0.00146924
INFO|2019-07-11 04:24:57,354|pysph.solver.solver|Writing output at time 7.3697, iteration 5016, dt = 0.00146924
INFO|2019-07-11 04:25:30,715|pysph.solver.solver|Writing output at time 7.41818, iteration 5049, dt = 0.00146924
INFO|2019-07-11 04:26:07,931|pysph.solver.solver|Writing output at time 7.46667, iteration 5082, dt = 0.00146924
INFO|2019-07-11 04:26:49,188|pysph.solver.solver|Writing output at time 7.51515, iteration 5115, dt = 0.00146924
INFO|2019-07-11 04:27:30,466|pysph.solver.solver|Writing output at time 7.56364, iteration 5148, dt = 0.00146924
INFO|2019-07-11 04:28:08,761|pysph.solver.solver|Writing output at time 7.61212, iteration 5181, dt = 0.00146924
INFO|2019-07-11 04:28:52,445|pysph.solver.solver|Writing output at time 7.66061, iteration 5214, dt = 0.00146924
INFO|2019-07-11 04:29:30,687|pysph.solver.solver|Writing output at time 7.70909, iteration 5247, dt = 0.00146924
INFO|2019-07-11 04:30:04,692|pysph.solver.solver|Writing output at time 7.75758, iteration 5280, dt = 0.00146924
INFO|2019-07-11 04:30:35,617|pysph.solver.solver|Writing output at time 7.80606, iteration 5313, dt = 0.00146924
INFO|2019-07-11 04:31:05,862|pysph.solver.solver|Writing output at time 7.85455, iteration 5346, dt = 0.00146924
INFO|2019-07-11 04:31:35,961|pysph.solver.solver|Writing output at time 7.90303, iteration 5379, dt = 0.00146924
INFO|2019-07-11 04:32:06,150|pysph.solver.solver|Writing output at time 7.95152, iteration 5412, dt = 0.00146924
INFO|2019-07-11 04:32:38,224|pysph.solver.solver|Writing output at time 8, iteration 5445, dt = 0.00146924
INFO|2019-07-11 04:33:12,546|pysph.solver.solver|Writing output at time 8.04848, iteration 5478, dt = 0.00146924
INFO|2019-07-11 04:33:51,385|pysph.solver.solver|Writing output at time 8.09697, iteration 5511, dt = 0.00146924
INFO|2019-07-11 04:34:33,840|pysph.solver.solver|Writing output at time 8.14545, iteration 5544, dt = 0.00146924
INFO|2019-07-11 04:35:16,400|pysph.solver.solver|Writing output at time 8.19394, iteration 5577, dt = 0.00146924
INFO|2019-07-11 04:35:57,385|pysph.solver.solver|Writing output at time 8.24242, iteration 5610, dt = 0.00146924
INFO|2019-07-11 04:36:36,823|pysph.solver.solver|Writing output at time 8.29091, iteration 5643, dt = 0.00146924
INFO|2019-07-11 04:37:15,471|pysph.solver.solver|Writing output at time 8.33939, iteration 5676, dt = 0.00146924
INFO|2019-07-11 04:37:48,925|pysph.solver.solver|Writing output at time 8.38788, iteration 5709, dt = 0.00146924
INFO|2019-07-11 04:38:20,655|pysph.solver.solver|Writing output at time 8.43636, iteration 5742, dt = 0.00146924
INFO|2019-07-11 04:38:50,938|pysph.solver.solver|Writing output at time 8.48485, iteration 5775, dt = 0.00146924
INFO|2019-07-11 04:39:21,271|pysph.solver.solver|Writing output at time 8.53333, iteration 5808, dt = 0.00146924
INFO|2019-07-11 04:39:53,316|pysph.solver.solver|Writing output at time 8.58182, iteration 5841, dt = 0.00146924
INFO|2019-07-11 04:40:27,316|pysph.solver.solver|Writing output at time 8.6303, iteration 5874, dt = 0.00146924
INFO|2019-07-11 04:41:05,300|pysph.solver.solver|Writing output at time 8.67879, iteration 5907, dt = 0.00146924
INFO|2019-07-11 04:41:46,107|pysph.solver.solver|Writing output at time 8.72727, iteration 5940, dt = 0.00146924
INFO|2019-07-11 04:42:28,473|pysph.solver.solver|Writing output at time 8.77576, iteration 5973, dt = 0.00146924
INFO|2019-07-11 04:43:11,390|pysph.solver.solver|Writing output at time 8.82424, iteration 6006, dt = 0.00146924
INFO|2019-07-11 04:43:53,629|pysph.solver.solver|Writing output at time 8.87273, iteration 6039, dt = 0.00146924
INFO|2019-07-11 04:44:32,654|pysph.solver.solver|Writing output at time 8.92121, iteration 6072, dt = 0.00146924
INFO|2019-07-11 04:45:08,768|pysph.solver.solver|Writing output at time 8.9697, iteration 6105, dt = 0.00146924
INFO|2019-07-11 04:45:41,784|pysph.solver.solver|Writing output at time 9.01818, iteration 6138, dt = 0.00146924
INFO|2019-07-11 04:46:12,620|pysph.solver.solver|Writing output at time 9.06667, iteration 6171, dt = 0.00146924
INFO|2019-07-11 04:46:42,970|pysph.solver.solver|Writing output at time 9.11515, iteration 6204, dt = 0.00146924
INFO|2019-07-11 04:47:13,549|pysph.solver.solver|Writing output at time 9.16364, iteration 6237, dt = 0.00146924
INFO|2019-07-11 04:47:46,605|pysph.solver.solver|Writing output at time 9.21212, iteration 6270, dt = 0.00146924
INFO|2019-07-11 04:48:23,183|pysph.solver.solver|Writing output at time 9.26061, iteration 6303, dt = 0.00146924
INFO|2019-07-11 04:49:00,773|pysph.solver.solver|Writing output at time 9.30909, iteration 6336, dt = 0.00146924
INFO|2019-07-11 04:49:39,093|pysph.solver.solver|Writing output at time 9.35758, iteration 6369, dt = 0.00146924
INFO|2019-07-11 04:50:21,523|pysph.solver.solver|Writing output at time 9.40606, iteration 6402, dt = 0.00146924
INFO|2019-07-11 04:51:01,728|pysph.solver.solver|Writing output at time 9.45455, iteration 6435, dt = 0.00146924
INFO|2019-07-11 04:51:40,046|pysph.solver.solver|Writing output at time 9.50303, iteration 6468, dt = 0.00146924
INFO|2019-07-11 04:52:17,231|pysph.solver.solver|Writing output at time 9.55152, iteration 6501, dt = 0.00146924
INFO|2019-07-11 04:52:50,511|pysph.solver.solver|Writing output at time 9.6, iteration 6534, dt = 0.00146924
INFO|2019-07-11 04:53:22,534|pysph.solver.solver|Writing output at time 9.64848, iteration 6567, dt = 0.00146924
INFO|2019-07-11 04:53:52,380|pysph.solver.solver|Writing output at time 9.69697, iteration 6600, dt = 0.00146924
INFO|2019-07-11 04:54:22,495|pysph.solver.solver|Writing output at time 9.74545, iteration 6633, dt = 0.00146924
INFO|2019-07-11 04:54:54,423|pysph.solver.solver|Writing output at time 9.79394, iteration 6666, dt = 0.00146924
INFO|2019-07-11 04:55:28,307|pysph.solver.solver|Writing output at time 9.84242, iteration 6699, dt = 0.00146924
INFO|2019-07-11 04:56:06,370|pysph.solver.solver|Writing output at time 9.89091, iteration 6732, dt = 0.00146924
INFO|2019-07-11 04:56:14,937|pysph.solver.solver|Writing output at time 9.90078, iteration 6739, dt = 0.00105233
INFO|2019-07-11 04:56:15,182|pysph.solver.application|Run took: 7346.39213 secs
INFO|2019-07-11 04:57:01,868|pysph.solver.application|Running on ubuntu-opsi with address 127.0.1.1
INFO|2019-07-11 04:57:02,032|pysph.solver.application|Generating output in /home/ubuntu-vm/rve_output
INFO|2019-07-11 04:57:02,426|pysph.solver.application|No of particles:
----------------------------------------------------------------------
  fluid: 3340
  fibers: 35
----------------------------------------------------------------------
INFO|2019-07-11 04:57:02,426|pysph.solver.application|Using kernel:
----------------------------------------------------------------------
  QuinticSpline(dim=3)
----------------------------------------------------------------------
INFO|2019-07-11 04:57:02,426|pysph.solver.application|Using nnps:
----------------------------------------------------------------------
  LinkedListNNPS(dim=3)
----------------------------------------------------------------------
INFO|2019-07-11 04:57:02,426|pysph.solver.application|Using integrator:
----------------------------------------------------------------------
  EPECIntegrator(fluid=TransportVelocityStep(), fibers=TransportVelocityStep())
----------------------------------------------------------------------
INFO|2019-07-11 04:57:02,427|pysph.solver.application|Using equations:
----------------------------------------------------------------------
[
Group(equations=[
SummationDensity(dest='fluid', sources=['fluid', 'fibers']),
EBGVelocityReset(dest='fibers', sources=None, velocity_correction=False),
SummationDensity(dest='fibers', sources=['fluid', 'fibers'])
    ],
    real=False, update_nnps=False, iterate=False, max_iterations=1, min_iterations=0, pre=None, post=None),
Group(equations=[
StateEquation(dest='fluid', sources=None, p0=45359.999999999985, rho0=74049586.77685949, b=1.0),
StateEquation(dest='fibers', sources=None, p0=45359.999999999985, rho0=74049586.77685949, b=1.0)
    ],
    real=False, update_nnps=False, iterate=False, max_iterations=1, min_iterations=0, pre=None, post=None),
Group(equations=[

    ],
    real=False, update_nnps=False, iterate=False, max_iterations=1, min_iterations=0, pre=None, post=None),
Group(equations=[
ComputeDistance(dest='fibers', sources=['fibers']),
VelocityGradient(dest='fibers', sources=['fluid', 'fibers'])
    ],
    real=True, update_nnps=False, iterate=False, max_iterations=1, min_iterations=0, pre=None, post=None),
Group(equations=[
MomentumEquationPressureGradient(dest='fluid', sources=['fluid', 'fibers'], pb=45359.999999999985, gx=0.0, gy=0.0, gz=0.0, tdamp=0.0),
MomentumEquationViscosity(dest='fluid', sources=['fluid', 'fibers'], nu=8.507812500000001e-07),
MomentumEquationArtificialStress(dest='fluid', sources=['fluid', 'fibers']),
MomentumEquationPressureGradient(dest='fibers', sources=['fluid', 'fibers'], pb=0.0, gx=0.0, gy=0.0, gz=0.0, tdamp=0.0),
MomentumEquationViscosity(dest='fibers', sources=['fluid', 'fibers'], nu=8.507812500000001e-07),
MomentumEquationArtificialStress(dest='fibers', sources=['fluid', 'fibers']),
Friction(dest='fibers', sources=None, J=1.4176112304628324e-12, A=7.853981633974483e-09, mu=63.0, d=0.0001, ar=0.0)
    ],
    real=True, update_nnps=False, iterate=False, max_iterations=1, min_iterations=0, pre=None, post=None),
Group(equations=[
HoldPoints(dest='fibers', sources=None, tag=100, x=True, y=True, z=True)
    ],
    real=True, update_nnps=False, iterate=False, max_iterations=1, min_iterations=0, pre=None, post=None)
]
----------------------------------------------------------------------
INFO|2019-07-11 04:57:02,457|pysph.solver.application|started multiprocessing interface on ('0.0.0.0', 8801)
INFO|2019-07-11 04:57:02,806|pysph.solver.application|Setup took: 0.95011 secs
INFO|2019-07-11 04:57:02,806|pysph.solver.solver|Writing output at time 0, iteration 0, dt = 0.00146924
INFO|2019-07-11 04:58:02,446|pysph.solver.solver|Writing output at time 0.0484848, iteration 33, dt = 0.00146924
INFO|2019-07-11 04:59:06,023|pysph.solver.solver|Writing output at time 0.0969697, iteration 66, dt = 0.00146924
INFO|2019-07-11 05:00:11,077|pysph.solver.solver|Writing output at time 0.145455, iteration 99, dt = 0.00146924
INFO|2019-07-11 05:01:16,388|pysph.solver.solver|Writing output at time 0.193939, iteration 132, dt = 0.00146924
INFO|2019-07-11 05:02:21,625|pysph.solver.solver|Writing output at time 0.242424, iteration 165, dt = 0.00146924
INFO|2019-07-11 05:03:27,024|pysph.solver.solver|Writing output at time 0.290909, iteration 198, dt = 0.00146924
INFO|2019-07-11 05:04:32,367|pysph.solver.solver|Writing output at time 0.339394, iteration 231, dt = 0.00146924
INFO|2019-07-11 05:05:37,519|pysph.solver.solver|Writing output at time 0.387879, iteration 264, dt = 0.00146924
INFO|2019-07-11 05:06:42,651|pysph.solver.solver|Writing output at time 0.436364, iteration 297, dt = 0.00146924
INFO|2019-07-11 05:07:47,566|pysph.solver.solver|Writing output at time 0.484848, iteration 330, dt = 0.00146924
INFO|2019-07-11 05:08:51,927|pysph.solver.solver|Writing output at time 0.533333, iteration 363, dt = 0.00146924
INFO|2019-07-11 05:09:53,399|pysph.solver.solver|Writing output at time 0.581818, iteration 396, dt = 0.00146924
INFO|2019-07-11 05:10:56,233|pysph.solver.solver|Writing output at time 0.630303, iteration 429, dt = 0.00146924
INFO|2019-07-11 05:12:00,650|pysph.solver.solver|Writing output at time 0.678788, iteration 462, dt = 0.00146924
INFO|2019-07-11 05:13:04,887|pysph.solver.solver|Writing output at time 0.727273, iteration 495, dt = 0.00146924
INFO|2019-07-11 05:14:09,742|pysph.solver.solver|Writing output at time 0.775758, iteration 528, dt = 0.00146924
INFO|2019-07-11 05:15:14,474|pysph.solver.solver|Writing output at time 0.824242, iteration 561, dt = 0.00146924
INFO|2019-07-11 05:16:19,027|pysph.solver.solver|Writing output at time 0.872727, iteration 594, dt = 0.00146924
INFO|2019-07-11 05:17:23,921|pysph.solver.solver|Writing output at time 0.921212, iteration 627, dt = 0.00146924
INFO|2019-07-11 05:18:28,931|pysph.solver.solver|Writing output at time 0.969697, iteration 660, dt = 0.00146924
INFO|2019-07-11 05:19:33,351|pysph.solver.solver|Writing output at time 1.01818, iteration 693, dt = 0.00146924
INFO|2019-07-11 05:20:37,449|pysph.solver.solver|Writing output at time 1.06667, iteration 726, dt = 0.00146924
INFO|2019-07-11 05:21:40,925|pysph.solver.solver|Writing output at time 1.11515, iteration 759, dt = 0.00146924
INFO|2019-07-11 05:22:43,003|pysph.solver.solver|Writing output at time 1.16364, iteration 792, dt = 0.00146924
INFO|2019-07-11 05:23:45,630|pysph.solver.solver|Writing output at time 1.21212, iteration 825, dt = 0.00146924
INFO|2019-07-11 05:24:48,789|pysph.solver.solver|Writing output at time 1.26061, iteration 858, dt = 0.00146924
INFO|2019-07-11 05:25:51,688|pysph.solver.solver|Writing output at time 1.30909, iteration 891, dt = 0.00146924
INFO|2019-07-11 05:26:55,027|pysph.solver.solver|Writing output at time 1.35758, iteration 924, dt = 0.00146924
INFO|2019-07-11 05:27:58,697|pysph.solver.solver|Writing output at time 1.40606, iteration 957, dt = 0.00146924
INFO|2019-07-11 05:29:02,726|pysph.solver.solver|Writing output at time 1.45455, iteration 990, dt = 0.00146924
INFO|2019-07-11 05:30:07,028|pysph.solver.solver|Writing output at time 1.50303, iteration 1023, dt = 0.00146924
INFO|2019-07-11 05:31:11,465|pysph.solver.solver|Writing output at time 1.55152, iteration 1056, dt = 0.00146924
INFO|2019-07-11 05:32:15,603|pysph.solver.solver|Writing output at time 1.6, iteration 1089, dt = 0.00146924
INFO|2019-07-11 05:33:19,230|pysph.solver.solver|Writing output at time 1.64848, iteration 1122, dt = 0.00146924
INFO|2019-07-11 05:34:22,151|pysph.solver.solver|Writing output at time 1.69697, iteration 1155, dt = 0.00146924
INFO|2019-07-11 05:35:23,565|pysph.solver.solver|Writing output at time 1.74545, iteration 1188, dt = 0.00146924
INFO|2019-07-11 05:36:26,992|pysph.solver.solver|Writing output at time 1.79394, iteration 1221, dt = 0.00146924
INFO|2019-07-11 05:37:31,255|pysph.solver.solver|Writing output at time 1.84242, iteration 1254, dt = 0.00146924
INFO|2019-07-11 05:38:35,135|pysph.solver.solver|Writing output at time 1.89091, iteration 1287, dt = 0.00146924
INFO|2019-07-11 05:39:39,166|pysph.solver.solver|Writing output at time 1.93939, iteration 1320, dt = 0.00146924
INFO|2019-07-11 05:40:43,284|pysph.solver.solver|Writing output at time 1.98788, iteration 1353, dt = 0.00146924
INFO|2019-07-11 05:41:47,587|pysph.solver.solver|Writing output at time 2.03636, iteration 1386, dt = 0.00146924
INFO|2019-07-11 05:42:51,861|pysph.solver.solver|Writing output at time 2.08485, iteration 1419, dt = 0.00146924
INFO|2019-07-11 05:43:56,288|pysph.solver.solver|Writing output at time 2.13333, iteration 1452, dt = 0.00146924
INFO|2019-07-11 05:45:00,954|pysph.solver.solver|Writing output at time 2.18182, iteration 1485, dt = 0.00146924
INFO|2019-07-11 05:46:05,293|pysph.solver.solver|Writing output at time 2.2303, iteration 1518, dt = 0.00146924
INFO|2019-07-11 05:48:22,852|pysph.solver.solver|Writing output at time 2.27879, iteration 1551, dt = 0.00146924
INFO|2019-07-11 05:49:26,296|pysph.solver.solver|Writing output at time 2.32727, iteration 1584, dt = 0.00146924
INFO|2019-07-11 05:50:30,912|pysph.solver.solver|Writing output at time 2.37576, iteration 1617, dt = 0.00146924
INFO|2019-07-11 05:51:35,721|pysph.solver.solver|Writing output at time 2.42424, iteration 1650, dt = 0.00146924
INFO|2019-07-11 05:52:40,300|pysph.solver.solver|Writing output at time 2.47273, iteration 1683, dt = 0.00146924
INFO|2019-07-11 05:53:44,763|pysph.solver.solver|Writing output at time 2.52121, iteration 1716, dt = 0.00146924
INFO|2019-07-11 05:54:49,506|pysph.solver.solver|Writing output at time 2.5697, iteration 1749, dt = 0.00146924
INFO|2019-07-11 05:55:54,506|pysph.solver.solver|Writing output at time 2.61818, iteration 1782, dt = 0.00146924
INFO|2019-07-11 05:56:58,813|pysph.solver.solver|Writing output at time 2.66667, iteration 1815, dt = 0.00146924
INFO|2019-07-11 05:58:02,923|pysph.solver.solver|Writing output at time 2.71515, iteration 1848, dt = 0.00146924
INFO|2019-07-11 05:59:06,980|pysph.solver.solver|Writing output at time 2.76364, iteration 1881, dt = 0.00146924
INFO|2019-07-11 06:00:10,028|pysph.solver.solver|Writing output at time 2.81212, iteration 1914, dt = 0.00146924
INFO|2019-07-11 06:01:12,554|pysph.solver.solver|Writing output at time 2.86061, iteration 1947, dt = 0.00146924
INFO|2019-07-11 06:02:15,074|pysph.solver.solver|Writing output at time 2.90909, iteration 1980, dt = 0.00146924
INFO|2019-07-11 06:03:19,916|pysph.solver.solver|Writing output at time 2.95758, iteration 2013, dt = 0.00146924
INFO|2019-07-11 06:04:24,537|pysph.solver.solver|Writing output at time 3.00606, iteration 2046, dt = 0.00146924
INFO|2019-07-11 06:05:29,744|pysph.solver.solver|Writing output at time 3.05455, iteration 2079, dt = 0.00146924
INFO|2019-07-11 06:06:34,656|pysph.solver.solver|Writing output at time 3.10303, iteration 2112, dt = 0.00146924
INFO|2019-07-11 06:07:38,524|pysph.solver.solver|Writing output at time 3.15152, iteration 2145, dt = 0.00146924
INFO|2019-07-11 06:08:41,661|pysph.solver.solver|Writing output at time 3.2, iteration 2178, dt = 0.00146924
INFO|2019-07-11 06:09:42,359|pysph.solver.solver|Writing output at time 3.24848, iteration 2211, dt = 0.00146924
INFO|2019-07-11 06:10:44,989|pysph.solver.solver|Writing output at time 3.29697, iteration 2244, dt = 0.00146924
INFO|2019-07-11 06:11:42,381|pysph.solver.solver|Writing output at time 3.34545, iteration 2277, dt = 0.00146924
INFO|2019-07-11 06:12:42,048|pysph.solver.solver|Writing output at time 3.39394, iteration 2310, dt = 0.00146924
INFO|2019-07-11 06:13:41,707|pysph.solver.solver|Writing output at time 3.44242, iteration 2343, dt = 0.00146924
INFO|2019-07-11 06:14:43,997|pysph.solver.solver|Writing output at time 3.49091, iteration 2376, dt = 0.00146924
INFO|2019-07-11 06:15:48,399|pysph.solver.solver|Writing output at time 3.53939, iteration 2409, dt = 0.00146924
INFO|2019-07-11 06:16:53,690|pysph.solver.solver|Writing output at time 3.58788, iteration 2442, dt = 0.00146924
INFO|2019-07-11 06:17:59,629|pysph.solver.solver|Writing output at time 3.63636, iteration 2475, dt = 0.00146924
INFO|2019-07-11 06:19:05,365|pysph.solver.solver|Writing output at time 3.68485, iteration 2508, dt = 0.00146924
INFO|2019-07-11 06:20:10,840|pysph.solver.solver|Writing output at time 3.73333, iteration 2541, dt = 0.00146924
INFO|2019-07-11 06:21:14,452|pysph.solver.solver|Writing output at time 3.78182, iteration 2574, dt = 0.00146924
INFO|2019-07-11 06:22:16,262|pysph.solver.solver|Writing output at time 3.8303, iteration 2607, dt = 0.00146924
INFO|2019-07-11 06:23:18,023|pysph.solver.solver|Writing output at time 3.87879, iteration 2640, dt = 0.00146924
INFO|2019-07-11 06:24:17,704|pysph.solver.solver|Writing output at time 3.92727, iteration 2673, dt = 0.00146924
INFO|2019-07-11 06:25:18,102|pysph.solver.solver|Writing output at time 3.97576, iteration 2706, dt = 0.00146924
INFO|2019-07-11 06:26:18,710|pysph.solver.solver|Writing output at time 4.02424, iteration 2739, dt = 0.00146924
INFO|2019-07-11 06:27:22,152|pysph.solver.solver|Writing output at time 4.07273, iteration 2772, dt = 0.00146924
INFO|2019-07-11 06:28:26,769|pysph.solver.solver|Writing output at time 4.12121, iteration 2805, dt = 0.00146924
INFO|2019-07-11 06:29:31,314|pysph.solver.solver|Writing output at time 4.1697, iteration 2838, dt = 0.00146924
INFO|2019-07-11 06:30:37,134|pysph.solver.solver|Writing output at time 4.21818, iteration 2871, dt = 0.00146924
INFO|2019-07-11 06:31:43,260|pysph.solver.solver|Writing output at time 4.26667, iteration 2904, dt = 0.00146924
INFO|2019-07-11 06:32:48,377|pysph.solver.solver|Writing output at time 4.31515, iteration 2937, dt = 0.00146924
INFO|2019-07-11 06:33:52,535|pysph.solver.solver|Writing output at time 4.36364, iteration 2970, dt = 0.00146924
INFO|2019-07-11 06:34:54,747|pysph.solver.solver|Writing output at time 4.41212, iteration 3003, dt = 0.00146924
INFO|2019-07-11 06:35:57,219|pysph.solver.solver|Writing output at time 4.46061, iteration 3036, dt = 0.00146924
INFO|2019-07-11 06:36:58,916|pysph.solver.solver|Writing output at time 4.50909, iteration 3069, dt = 0.00146924
INFO|2019-07-11 06:37:57,975|pysph.solver.solver|Writing output at time 4.55758, iteration 3102, dt = 0.00146924
INFO|2019-07-11 06:38:56,721|pysph.solver.solver|Writing output at time 4.60606, iteration 3135, dt = 0.00146924
INFO|2019-07-11 06:39:57,907|pysph.solver.solver|Writing output at time 4.65455, iteration 3168, dt = 0.00146924
INFO|2019-07-11 06:40:59,453|pysph.solver.solver|Writing output at time 4.70303, iteration 3201, dt = 0.00146924
INFO|2019-07-11 06:42:00,710|pysph.solver.solver|Writing output at time 4.75152, iteration 3234, dt = 0.00146924
INFO|2019-07-11 06:43:01,641|pysph.solver.solver|Writing output at time 4.8, iteration 3267, dt = 0.00146924
INFO|2019-07-11 06:44:05,436|pysph.solver.solver|Writing output at time 4.84848, iteration 3300, dt = 0.00146924
INFO|2019-07-11 06:45:09,627|pysph.solver.solver|Writing output at time 4.89697, iteration 3333, dt = 0.00146924
INFO|2019-07-11 06:46:11,222|pysph.solver.solver|Writing output at time 4.94545, iteration 3366, dt = 0.00146924
INFO|2019-07-11 06:47:14,664|pysph.solver.solver|Writing output at time 4.99394, iteration 3399, dt = 0.00146924
INFO|2019-07-11 06:48:17,346|pysph.solver.solver|Writing output at time 5.04242, iteration 3432, dt = 0.00146924
INFO|2019-07-11 06:49:20,462|pysph.solver.solver|Writing output at time 5.09091, iteration 3465, dt = 0.00146924
INFO|2019-07-11 06:50:23,572|pysph.solver.solver|Writing output at time 5.13939, iteration 3498, dt = 0.00146924
INFO|2019-07-11 06:51:25,764|pysph.solver.solver|Writing output at time 5.18788, iteration 3531, dt = 0.00146924
INFO|2019-07-11 06:52:27,877|pysph.solver.solver|Writing output at time 5.23636, iteration 3564, dt = 0.00146924
INFO|2019-07-11 06:53:31,479|pysph.solver.solver|Writing output at time 5.28485, iteration 3597, dt = 0.00146924
INFO|2019-07-11 06:54:35,799|pysph.solver.solver|Writing output at time 5.33333, iteration 3630, dt = 0.00146924
INFO|2019-07-11 06:55:40,612|pysph.solver.solver|Writing output at time 5.38182, iteration 3663, dt = 0.00146924
INFO|2019-07-11 06:56:45,000|pysph.solver.solver|Writing output at time 5.4303, iteration 3696, dt = 0.00146924
INFO|2019-07-11 06:57:49,061|pysph.solver.solver|Writing output at time 5.47879, iteration 3729, dt = 0.00146924
INFO|2019-07-11 06:58:53,443|pysph.solver.solver|Writing output at time 5.52727, iteration 3762, dt = 0.00146924
INFO|2019-07-11 06:59:57,083|pysph.solver.solver|Writing output at time 5.57576, iteration 3795, dt = 0.00146924
INFO|2019-07-11 07:01:00,867|pysph.solver.solver|Writing output at time 5.62424, iteration 3828, dt = 0.00146924
INFO|2019-07-11 07:02:04,365|pysph.solver.solver|Writing output at time 5.67273, iteration 3861, dt = 0.00146924
INFO|2019-07-11 07:03:05,693|pysph.solver.solver|Writing output at time 5.72121, iteration 3894, dt = 0.00146924
INFO|2019-07-11 07:04:02,121|pysph.solver.solver|Writing output at time 5.7697, iteration 3927, dt = 0.00146924
INFO|2019-07-11 07:05:01,396|pysph.solver.solver|Writing output at time 5.81818, iteration 3960, dt = 0.00146924
INFO|2019-07-11 07:06:04,175|pysph.solver.solver|Writing output at time 5.86667, iteration 3993, dt = 0.00146924
INFO|2019-07-11 07:07:06,979|pysph.solver.solver|Writing output at time 5.91515, iteration 4026, dt = 0.00146924
INFO|2019-07-11 07:08:10,086|pysph.solver.solver|Writing output at time 5.96364, iteration 4059, dt = 0.00146924
INFO|2019-07-11 07:09:13,739|pysph.solver.solver|Writing output at time 6.01212, iteration 4092, dt = 0.00146924
INFO|2019-07-11 07:10:17,706|pysph.solver.solver|Writing output at time 6.06061, iteration 4125, dt = 0.00146924
INFO|2019-07-11 07:11:21,516|pysph.solver.solver|Writing output at time 6.10909, iteration 4158, dt = 0.00146924
INFO|2019-07-11 07:12:25,093|pysph.solver.solver|Writing output at time 6.15758, iteration 4191, dt = 0.00146924
INFO|2019-07-11 07:13:28,870|pysph.solver.solver|Writing output at time 6.20606, iteration 4224, dt = 0.00146924
INFO|2019-07-11 07:14:32,113|pysph.solver.solver|Writing output at time 6.25455, iteration 4257, dt = 0.00146924
INFO|2019-07-11 07:15:35,413|pysph.solver.solver|Writing output at time 6.30303, iteration 4290, dt = 0.00146924
INFO|2019-07-11 07:16:37,012|pysph.solver.solver|Writing output at time 6.35152, iteration 4323, dt = 0.00146924
INFO|2019-07-11 07:17:39,204|pysph.solver.solver|Writing output at time 6.4, iteration 4356, dt = 0.00146924
INFO|2019-07-11 07:18:43,167|pysph.solver.solver|Writing output at time 6.44848, iteration 4389, dt = 0.00146924
INFO|2019-07-11 07:19:47,249|pysph.solver.solver|Writing output at time 6.49697, iteration 4422, dt = 0.00146924
INFO|2019-07-11 07:20:50,000|pysph.solver.solver|Writing output at time 6.54545, iteration 4455, dt = 0.00146924
INFO|2019-07-11 07:21:53,510|pysph.solver.solver|Writing output at time 6.59394, iteration 4488, dt = 0.00146924
INFO|2019-07-11 07:22:58,825|pysph.solver.solver|Writing output at time 6.64242, iteration 4521, dt = 0.00146924
INFO|2019-07-11 07:24:03,758|pysph.solver.solver|Writing output at time 6.69091, iteration 4554, dt = 0.00146924
INFO|2019-07-11 07:25:08,766|pysph.solver.solver|Writing output at time 6.73939, iteration 4587, dt = 0.00146924
INFO|2019-07-11 07:26:13,478|pysph.solver.solver|Writing output at time 6.78788, iteration 4620, dt = 0.00146924
INFO|2019-07-11 07:27:17,573|pysph.solver.solver|Writing output at time 6.83636, iteration 4653, dt = 0.00146924
INFO|2019-07-11 07:28:21,596|pysph.solver.solver|Writing output at time 6.88485, iteration 4686, dt = 0.00146924
INFO|2019-07-11 07:29:26,337|pysph.solver.solver|Writing output at time 6.93333, iteration 4719, dt = 0.00146924
INFO|2019-07-11 07:30:30,911|pysph.solver.solver|Writing output at time 6.98182, iteration 4752, dt = 0.00146924
INFO|2019-07-11 07:31:35,260|pysph.solver.solver|Writing output at time 7.0303, iteration 4785, dt = 0.00146924
INFO|2019-07-11 07:32:39,748|pysph.solver.solver|Writing output at time 7.07879, iteration 4818, dt = 0.00146924
INFO|2019-07-11 07:33:43,370|pysph.solver.solver|Writing output at time 7.12727, iteration 4851, dt = 0.00146924
INFO|2019-07-11 07:34:45,420|pysph.solver.solver|Writing output at time 7.17576, iteration 4884, dt = 0.00146924
INFO|2019-07-11 07:35:50,008|pysph.solver.solver|Writing output at time 7.22424, iteration 4917, dt = 0.00146924
INFO|2019-07-11 07:36:55,112|pysph.solver.solver|Writing output at time 7.27273, iteration 4950, dt = 0.00146924
INFO|2019-07-11 07:38:00,220|pysph.solver.solver|Writing output at time 7.32121, iteration 4983, dt = 0.00146924
INFO|2019-07-11 07:39:04,793|pysph.solver.solver|Writing output at time 7.3697, iteration 5016, dt = 0.00146924
INFO|2019-07-11 07:40:09,090|pysph.solver.solver|Writing output at time 7.41818, iteration 5049, dt = 0.00146924
INFO|2019-07-11 07:41:12,936|pysph.solver.solver|Writing output at time 7.46667, iteration 5082, dt = 0.00146924
INFO|2019-07-11 07:42:17,237|pysph.solver.solver|Writing output at time 7.51515, iteration 5115, dt = 0.00146924
INFO|2019-07-11 07:43:21,008|pysph.solver.solver|Writing output at time 7.56364, iteration 5148, dt = 0.00146924
INFO|2019-07-11 07:44:25,297|pysph.solver.solver|Writing output at time 7.61212, iteration 5181, dt = 0.00146924
INFO|2019-07-11 07:45:30,108|pysph.solver.solver|Writing output at time 7.66061, iteration 5214, dt = 0.00146924
INFO|2019-07-11 07:46:32,840|pysph.solver.solver|Writing output at time 7.70909, iteration 5247, dt = 0.00146924
INFO|2019-07-11 07:47:34,135|pysph.solver.solver|Writing output at time 7.75758, iteration 5280, dt = 0.00146924
INFO|2019-07-11 07:48:38,384|pysph.solver.solver|Writing output at time 7.80606, iteration 5313, dt = 0.00146924
INFO|2019-07-11 07:49:43,121|pysph.solver.solver|Writing output at time 7.85455, iteration 5346, dt = 0.00146924
INFO|2019-07-11 07:50:48,196|pysph.solver.solver|Writing output at time 7.90303, iteration 5379, dt = 0.00146924
INFO|2019-07-11 07:51:52,977|pysph.solver.solver|Writing output at time 7.95152, iteration 5412, dt = 0.00146924
INFO|2019-07-11 07:52:57,894|pysph.solver.solver|Writing output at time 8, iteration 5445, dt = 0.00146924
INFO|2019-07-11 07:54:02,120|pysph.solver.solver|Writing output at time 8.04848, iteration 5478, dt = 0.00146924
INFO|2019-07-11 07:55:05,623|pysph.solver.solver|Writing output at time 8.09697, iteration 5511, dt = 0.00146924
INFO|2019-07-11 07:56:09,228|pysph.solver.solver|Writing output at time 8.14545, iteration 5544, dt = 0.00146924
INFO|2019-07-11 07:57:11,964|pysph.solver.solver|Writing output at time 8.19394, iteration 5577, dt = 0.00146924
INFO|2019-07-11 07:58:12,436|pysph.solver.solver|Writing output at time 8.24242, iteration 5610, dt = 0.00146924
INFO|2019-07-11 07:59:12,753|pysph.solver.solver|Writing output at time 8.29091, iteration 5643, dt = 0.00146924
INFO|2019-07-11 08:00:14,880|pysph.solver.solver|Writing output at time 8.33939, iteration 5676, dt = 0.00146924
INFO|2019-07-11 08:01:18,359|pysph.solver.solver|Writing output at time 8.38788, iteration 5709, dt = 0.00146924
INFO|2019-07-11 08:02:23,163|pysph.solver.solver|Writing output at time 8.43636, iteration 5742, dt = 0.00146924
INFO|2019-07-11 08:03:28,731|pysph.solver.solver|Writing output at time 8.48485, iteration 5775, dt = 0.00146924
INFO|2019-07-11 08:04:33,191|pysph.solver.solver|Writing output at time 8.53333, iteration 5808, dt = 0.00146924
INFO|2019-07-11 08:05:37,879|pysph.solver.solver|Writing output at time 8.58182, iteration 5841, dt = 0.00146924
INFO|2019-07-11 08:06:41,838|pysph.solver.solver|Writing output at time 8.6303, iteration 5874, dt = 0.00146924
INFO|2019-07-11 08:07:45,195|pysph.solver.solver|Writing output at time 8.67879, iteration 5907, dt = 0.00146924
INFO|2019-07-11 08:08:48,883|pysph.solver.solver|Writing output at time 8.72727, iteration 5940, dt = 0.00146924
INFO|2019-07-11 08:09:50,660|pysph.solver.solver|Writing output at time 8.77576, iteration 5973, dt = 0.00146924
INFO|2019-07-11 08:10:50,794|pysph.solver.solver|Writing output at time 8.82424, iteration 6006, dt = 0.00146924
INFO|2019-07-11 08:11:50,757|pysph.solver.solver|Writing output at time 8.87273, iteration 6039, dt = 0.00146924
INFO|2019-07-11 08:12:54,280|pysph.solver.solver|Writing output at time 8.92121, iteration 6072, dt = 0.00146924
INFO|2019-07-11 08:13:58,255|pysph.solver.solver|Writing output at time 8.9697, iteration 6105, dt = 0.00146924
INFO|2019-07-11 08:15:03,528|pysph.solver.solver|Writing output at time 9.01818, iteration 6138, dt = 0.00146924
INFO|2019-07-11 08:16:08,479|pysph.solver.solver|Writing output at time 9.06667, iteration 6171, dt = 0.00146924
INFO|2019-07-11 08:17:13,986|pysph.solver.solver|Writing output at time 9.11515, iteration 6204, dt = 0.00146924
INFO|2019-07-11 08:18:19,208|pysph.solver.solver|Writing output at time 9.16364, iteration 6237, dt = 0.00146924
INFO|2019-07-11 08:19:24,536|pysph.solver.solver|Writing output at time 9.21212, iteration 6270, dt = 0.00146924
INFO|2019-07-11 08:20:29,272|pysph.solver.solver|Writing output at time 9.26061, iteration 6303, dt = 0.00146924
INFO|2019-07-11 08:21:33,411|pysph.solver.solver|Writing output at time 9.30909, iteration 6336, dt = 0.00146924
INFO|2019-07-11 08:22:36,575|pysph.solver.solver|Writing output at time 9.35758, iteration 6369, dt = 0.00146924
INFO|2019-07-11 08:23:37,500|pysph.solver.solver|Writing output at time 9.40606, iteration 6402, dt = 0.00146924
INFO|2019-07-11 08:24:36,272|pysph.solver.solver|Writing output at time 9.45455, iteration 6435, dt = 0.00146924
INFO|2019-07-11 08:25:37,016|pysph.solver.solver|Writing output at time 9.50303, iteration 6468, dt = 0.00146924
INFO|2019-07-11 08:26:40,641|pysph.solver.solver|Writing output at time 9.55152, iteration 6501, dt = 0.00146924
INFO|2019-07-11 08:27:45,078|pysph.solver.solver|Writing output at time 9.6, iteration 6534, dt = 0.00146924
INFO|2019-07-11 08:28:50,227|pysph.solver.solver|Writing output at time 9.64848, iteration 6567, dt = 0.00146924
INFO|2019-07-11 08:29:55,449|pysph.solver.solver|Writing output at time 9.69697, iteration 6600, dt = 0.00146924
INFO|2019-07-11 08:31:00,308|pysph.solver.solver|Writing output at time 9.74545, iteration 6633, dt = 0.00146924
INFO|2019-07-11 08:32:05,112|pysph.solver.solver|Writing output at time 9.79394, iteration 6666, dt = 0.00146924
INFO|2019-07-11 08:33:09,768|pysph.solver.solver|Writing output at time 9.84242, iteration 6699, dt = 0.00146924
INFO|2019-07-11 08:34:12,487|pysph.solver.solver|Writing output at time 9.89091, iteration 6732, dt = 0.00146924
INFO|2019-07-11 08:34:25,665|pysph.solver.solver|Writing output at time 9.90078, iteration 6739, dt = 0.00105233
INFO|2019-07-11 08:34:25,911|pysph.solver.application|Run took: 13043.10406 secs
